#
# There is insufficient memory for the Java Runtime Environment to continue.
# Native memory allocation (malloc) failed to allocate 484752 bytes for Chunk::new
# Possible reasons:
#   The system is out of physical RAM or swap space
#   In 32 bit mode, the process size limit was hit
# Possible solutions:
#   Reduce memory load on the system
#   Increase physical memory or swap space
#   Check if swap backing store is full
#   Use 64 bit Java on a 64 bit OS
#   Decrease Java heap size (-Xmx/-Xms)
#   Decrease number of Java threads
#   Decrease Java thread stack sizes (-Xss)
#   Set larger code cache with -XX:ReservedCodeCacheSize=
# This output file may be truncated or incomplete.
#
#  Out of Memory Error (allocation.cpp:390), pid=8504, tid=4464
#
# JRE version: Java(TM) SE Runtime Environment (8.0_40-b25) (build 1.8.0_40-b25)
# Java VM: Java HotSpot(TM) 64-Bit Server VM (25.40-b25 mixed mode windows-amd64 compressed oops)
# Failed to write core dump. Minidumps are not enabled by default on client versions of Windows
#

---------------  T H R E A D  ---------------

Current thread (0x0000000015b64800):  JavaThread "C2 CompilerThread1" daemon [_thread_in_native, id=4464, stack(0x00000000171c0000,0x00000000172c0000)]

Stack: [0x00000000171c0000,0x00000000172c0000]
Native frames: (J=compiled Java code, j=interpreted, Vv=VM code, C=native code)
V  [jvm.dll+0x32b47a]
V  [jvm.dll+0x2797f3]
V  [jvm.dll+0x27a489]
V  [jvm.dll+0x2717a5]
V  [jvm.dll+0xcb9a2]
V  [jvm.dll+0xcbe6c]
V  [jvm.dll+0x4929a7]
V  [jvm.dll+0x45f94a]
V  [jvm.dll+0x46a73b]
V  [jvm.dll+0x46cd52]
V  [jvm.dll+0x4500d2]
V  [jvm.dll+0xa4312]
V  [jvm.dll+0xa4c4f]
V  [jvm.dll+0x241914]
V  [jvm.dll+0x29848a]
C  [msvcr100.dll+0x21d9f]
C  [msvcr100.dll+0x21e3b]
C  [KERNEL32.DLL+0x14034]
C  [ntdll.dll+0x73691]


Current CompileTask:
C2:   3304 1537       4       java.net.URLStreamHandler::parseURL (1158 bytes)


---------------  P R O C E S S  ---------------

Java Threads: ( => current thread )
  0x00000000184f6000 JavaThread "background-preinit" [_thread_in_Java, id=9768, stack(0x00000000194d0000,0x00000000195d0000)]
  0x0000000018c5e000 JavaThread "restartedMain" [_thread_in_vm, id=816, stack(0x00000000193d0000,0x00000000194d0000)]
  0x0000000018b3d000 JavaThread "Thread-0" [_thread_blocked, id=10104, stack(0x00000000192d0000,0x00000000193d0000)]
  0x00000000173e8800 JavaThread "Service Thread" daemon [_thread_blocked, id=12236, stack(0x00000000177c0000,0x00000000178c0000)]
  0x0000000015b71000 JavaThread "C1 CompilerThread2" daemon [_thread_in_native, id=10644, stack(0x00000000172c0000,0x00000000173c0000)]
=>0x0000000015b64800 JavaThread "C2 CompilerThread1" daemon [_thread_in_native, id=4464, stack(0x00000000171c0000,0x00000000172c0000)]
  0x0000000015b62800 JavaThread "C2 CompilerThread0" daemon [_thread_in_native, id=4324, stack(0x00000000170c0000,0x00000000171c0000)]
  0x0000000015b61800 JavaThread "Attach Listener" daemon [_thread_blocked, id=5800, stack(0x0000000016fc0000,0x00000000170c0000)]
  0x0000000015b60800 JavaThread "Signal Dispatcher" daemon [_thread_blocked, id=7848, stack(0x0000000016ec0000,0x0000000016fc0000)]
  0x000000000353d800 JavaThread "Finalizer" daemon [_thread_blocked, id=12192, stack(0x0000000016dc0000,0x0000000016ec0000)]
  0x0000000003534800 JavaThread "Reference Handler" daemon [_thread_blocked, id=5160, stack(0x0000000016cc0000,0x0000000016dc0000)]
  0x0000000003448000 JavaThread "main" [_thread_blocked, id=6172, stack(0x0000000003340000,0x0000000003440000)]

Other Threads:
  0x0000000015b28000 VMThread [stack: 0x0000000016bc0000,0x0000000016cc0000] [id=7140]
  0x00000000173f9000 WatcherThread [stack: 0x00000000178c0000,0x00000000179c0000] [id=8456]

VM state:not at safepoint (normal execution)

VM Mutex/Monitor currently owned by a thread:  ([mutex/lock_event])
[0x00000000034469b0] MethodData_lock - owner thread: 0x0000000000000000

Heap:
 PSYoungGen      total 61440K, used 20621K [0x00000000eb100000, 0x00000000efb80000, 0x0000000100000000)
  eden space 56320K, 28% used [0x00000000eb100000,0x00000000ec087c38,0x00000000ee800000)
  from space 5120K, 92% used [0x00000000ef680000,0x00000000efb1bb38,0x00000000efb80000)
  to   space 6144K, 0% used [0x00000000eef80000,0x00000000eef80000,0x00000000ef580000)
 ParOldGen       total 30208K, used 6252K [0x00000000c1200000, 0x00000000c2f80000, 0x00000000eb100000)
  object space 30208K, 20% used [0x00000000c1200000,0x00000000c181b030,0x00000000c2f80000)
 Metaspace       used 21603K, capacity 22186K, committed 22400K, reserved 1069056K
  class space    used 2773K, capacity 2939K, committed 2944K, reserved 1048576K

Card table byte_map: [0x0000000012900000,0x0000000012b00000] byte_map_base: 0x00000000122f7000

Marking Bits: (ParMarkBitMap*) 0x00000000569d4040
 Begin Bits: [0x0000000013050000, 0x0000000014008000)
 End Bits:   [0x0000000014008000, 0x0000000014fc0000)

Polling page: 0x0000000001380000

CodeCache: size=245760Kb used=5710Kb max_used=5710Kb free=240049Kb
 bounds [0x0000000003540000, 0x0000000003ae0000, 0x0000000012540000]
 total_blobs=2034 nmethods=1684 adapters=264
 compilation: enabled

Compilation events (10 events):
Event: 3.234 Thread 0x0000000015b62800 nmethod 1655 0x0000000003a94c90 code [0x0000000003a94dc0, 0x0000000003a94f18]
Event: 3.235 Thread 0x0000000015b62800 1656   !   4       java.lang.ClassLoader::loadClass (122 bytes)
Event: 3.245 Thread 0x0000000015b71000 nmethod 1640 0x0000000003a9a2d0 code [0x0000000003a9acc0, 0x0000000003aa1cd8]
Event: 3.245 Thread 0x0000000015b71000 1650       3       com.sun.org.apache.xerces.internal.util.XMLAttributesImpl::getIndexFast (38 bytes)
Event: 3.246 Thread 0x0000000015b71000 nmethod 1650 0x0000000003a91b10 code [0x0000000003a91c80, 0x0000000003a91f10]
Event: 3.246 Thread 0x0000000015b71000 1649       3       com.sun.org.apache.xerces.internal.util.XMLAttributesImpl::addAttribute (623 bytes)
Event: 3.251 Thread 0x0000000015b71000 nmethod 1649 0x0000000003aa5ed0 code [0x0000000003aa6340, 0x0000000003aa9588]
Event: 3.251 Thread 0x0000000015b71000 1643       3       org.apache.tomcat.util.digester.Rule::body (1 bytes)
Event: 3.251 Thread 0x0000000015b71000 nmethod 1643 0x0000000003a948d0 code [0x0000000003a94a20, 0x0000000003a94b70]
Event: 3.251 Thread 0x0000000015b71000 1648       3       com.sun.org.apache.xerces.internal.impl.XMLScanner::scanAttributeValue (997 bytes)

GC Heap History (10 events):
Event: 2.116 GC heap before
{Heap before GC invocations=5 (full 0):
 PSYoungGen      total 35328K, used 35300K [0x00000000eb100000, 0x00000000ed600000, 0x0000000100000000)
  eden space 32768K, 100% used [0x00000000eb100000,0x00000000ed100000,0x00000000ed100000)
  from space 2560K, 98% used [0x00000000ed380000,0x00000000ed5f9040,0x00000000ed600000)
  to   space 2560K, 0% used [0x00000000ed100000,0x00000000ed100000,0x00000000ed380000)
 ParOldGen       total 44032K, used 6282K [0x00000000c1200000, 0x00000000c3d00000, 0x00000000eb100000)
  object space 44032K, 14% used [0x00000000c1200000,0x00000000c1822ba8,0x00000000c3d00000)
 Metaspace       used 12351K, capacity 12696K, committed 13056K, reserved 1060864K
  class space    used 1549K, capacity 1666K, committed 1792K, reserved 1048576K
Event: 2.125 GC heap after
Heap after GC invocations=5 (full 0):
 PSYoungGen      total 35328K, used 2532K [0x00000000eb100000, 0x00000000efc00000, 0x0000000100000000)
  eden space 32768K, 0% used [0x00000000eb100000,0x00000000eb100000,0x00000000ed100000)
  from space 2560K, 98% used [0x00000000ed100000,0x00000000ed379020,0x00000000ed380000)
  to   space 5632K, 0% used [0x00000000ef680000,0x00000000ef680000,0x00000000efc00000)
 ParOldGen       total 44032K, used 8192K [0x00000000c1200000, 0x00000000c3d00000, 0x00000000eb100000)
  object space 44032K, 18% used [0x00000000c1200000,0x00000000c1a001e8,0x00000000c3d00000)
 Metaspace       used 12351K, capacity 12696K, committed 13056K, reserved 1060864K
  class space    used 1549K, capacity 1666K, committed 1792K, reserved 1048576K
}
Event: 2.479 GC heap before
{Heap before GC invocations=6 (full 0):
 PSYoungGen      total 35328K, used 35300K [0x00000000eb100000, 0x00000000efc00000, 0x0000000100000000)
  eden space 32768K, 100% used [0x00000000eb100000,0x00000000ed100000,0x00000000ed100000)
  from space 2560K, 98% used [0x00000000ed100000,0x00000000ed379020,0x00000000ed380000)
  to   space 5632K, 0% used [0x00000000ef680000,0x00000000ef680000,0x00000000efc00000)
 ParOldGen       total 44032K, used 8192K [0x00000000c1200000, 0x00000000c3d00000, 0x00000000eb100000)
  object space 44032K, 18% used [0x00000000c1200000,0x00000000c1a001e8,0x00000000c3d00000)
 Metaspace       used 14969K, capacity 15436K, committed 15744K, reserved 1062912K
  class space    used 1918K, capacity 2056K, committed 2176K, reserved 1048576K
Event: 2.491 GC heap after
Heap after GC invocations=6 (full 0):
 PSYoungGen      total 38400K, used 5262K [0x00000000eb100000, 0x00000000efc00000, 0x0000000100000000)
  eden space 32768K, 0% used [0x00000000eb100000,0x00000000eb100000,0x00000000ed100000)
  from space 5632K, 93% used [0x00000000ef680000,0x00000000efba38f8,0x00000000efc00000)
  to   space 2560K, 0% used [0x00000000ed100000,0x00000000ed100000,0x00000000ed380000)
 ParOldGen       total 44032K, used 8200K [0x00000000c1200000, 0x00000000c3d00000, 0x00000000eb100000)
  object space 44032K, 18% used [0x00000000c1200000,0x00000000c1a021e8,0x00000000c3d00000)
 Metaspace       used 14969K, capacity 15436K, committed 15744K, reserved 1062912K
  class space    used 1918K, capacity 2056K, committed 2176K, reserved 1048576K
}
Event: 2.546 GC heap before
{Heap before GC invocations=7 (full 0):
 PSYoungGen      total 38400K, used 8742K [0x00000000eb100000, 0x00000000efc00000, 0x0000000100000000)
  eden space 32768K, 10% used [0x00000000eb100000,0x00000000eb465f88,0x00000000ed100000)
  from space 5632K, 93% used [0x00000000ef680000,0x00000000efba38f8,0x00000000efc00000)
  to   space 2560K, 0% used [0x00000000ed100000,0x00000000ed100000,0x00000000ed380000)
 ParOldGen       total 44032K, used 8200K [0x00000000c1200000, 0x00000000c3d00000, 0x00000000eb100000)
  object space 44032K, 18% used [0x00000000c1200000,0x00000000c1a021e8,0x00000000c3d00000)
 Metaspace       used 15491K, capacity 15922K, committed 16000K, reserved 1069056K
  class space    used 1978K, capacity 2127K, committed 2176K, reserved 1048576K
Event: 2.555 GC heap after
Heap after GC invocations=7 (full 0):
 PSYoungGen      total 35328K, used 2557K [0x00000000eb100000, 0x00000000efc00000, 0x0000000100000000)
  eden space 32768K, 0% used [0x00000000eb100000,0x00000000eb100000,0x00000000ed100000)
  from space 2560K, 99% used [0x00000000ed100000,0x00000000ed37f488,0x00000000ed380000)
  to   space 5632K, 0% used [0x00000000ef680000,0x00000000ef680000,0x00000000efc00000)
 ParOldGen       total 44032K, used 9307K [0x00000000c1200000, 0x00000000c3d00000, 0x00000000eb100000)
  object space 44032K, 21% used [0x00000000c1200000,0x00000000c1b16e70,0x00000000c3d00000)
 Metaspace       used 15491K, capacity 15922K, committed 16000K, reserved 1069056K
  class space    used 1978K, capacity 2127K, committed 2176K, reserved 1048576K
}
Event: 2.555 GC heap before
{Heap before GC invocations=8 (full 1):
 PSYoungGen      total 35328K, used 2557K [0x00000000eb100000, 0x00000000efc00000, 0x0000000100000000)
  eden space 32768K, 0% used [0x00000000eb100000,0x00000000eb100000,0x00000000ed100000)
  from space 2560K, 99% used [0x00000000ed100000,0x00000000ed37f488,0x00000000ed380000)
  to   space 5632K, 0% used [0x00000000ef680000,0x00000000ef680000,0x00000000efc00000)
 ParOldGen       total 44032K, used 9307K [0x00000000c1200000, 0x00000000c3d00000, 0x00000000eb100000)
  object space 44032K, 21% used [0x00000000c1200000,0x00000000c1b16e70,0x00000000c3d00000)
 Metaspace       used 15491K, capacity 15922K, committed 16000K, reserved 1069056K
  class space    used 1978K, capacity 2127K, committed 2176K, reserved 1048576K
Event: 2.603 GC heap after
Heap after GC invocations=8 (full 1):
 PSYoungGen      total 35328K, used 0K [0x00000000eb100000, 0x00000000efc00000, 0x0000000100000000)
  eden space 32768K, 0% used [0x00000000eb100000,0x00000000eb100000,0x00000000ed100000)
  from space 2560K, 0% used [0x00000000ed100000,0x00000000ed100000,0x00000000ed380000)
  to   space 5632K, 0% used [0x00000000ef680000,0x00000000ef680000,0x00000000efc00000)
 ParOldGen       total 30208K, used 6244K [0x00000000c1200000, 0x00000000c2f80000, 0x00000000eb100000)
  object space 30208K, 20% used [0x00000000c1200000,0x00000000c1819030,0x00000000c2f80000)
 Metaspace       used 15489K, capacity 15914K, committed 16000K, reserved 1064960K
  class space    used 1977K, capacity 2125K, committed 2176K, reserved 1048576K
}
Event: 3.025 GC heap before
{Heap before GC invocations=9 (full 1):
 PSYoungGen      total 35328K, used 32768K [0x00000000eb100000, 0x00000000efc00000, 0x0000000100000000)
  eden space 32768K, 100% used [0x00000000eb100000,0x00000000ed100000,0x00000000ed100000)
  from space 2560K, 0% used [0x00000000ed100000,0x00000000ed100000,0x00000000ed380000)
  to   space 5632K, 0% used [0x00000000ef680000,0x00000000ef680000,0x00000000efc00000)
 ParOldGen       total 30208K, used 6244K [0x00000000c1200000, 0x00000000c2f80000, 0x00000000eb100000)
  object space 30208K, 20% used [0x00000000c1200000,0x00000000c1819030,0x00000000c2f80000)
 Metaspace       used 19618K, capacity 20142K, committed 20352K, reserved 1067008K
  class space    used 2545K, capacity 2685K, committed 2688K, reserved 1048576K
Event: 3.031 GC heap after
Heap after GC invocations=9 (full 1):
 PSYoungGen      total 61440K, used 4718K [0x00000000eb100000, 0x00000000efb80000, 0x0000000100000000)
  eden space 56320K, 0% used [0x00000000eb100000,0x00000000eb100000,0x00000000ee800000)
  from space 5120K, 92% used [0x00000000ef680000,0x00000000efb1bb38,0x00000000efb80000)
  to   space 6144K, 0% used [0x00000000eef80000,0x00000000eef80000,0x00000000ef580000)
 ParOldGen       total 30208K, used 6252K [0x00000000c1200000, 0x00000000c2f80000, 0x00000000eb100000)
  object space 30208K, 20% used [0x00000000c1200000,0x00000000c181b030,0x00000000c2f80000)
 Metaspace       used 19618K, capacity 20142K, committed 20352K, reserved 1067008K
  class space    used 2545K, capacity 2685K, committed 2688K, reserved 1048576K
}

Deoptimization events (10 events):
Event: 2.326 Thread 0x00000000184f6000 Uncommon trap: reason=class_check action=maybe_recompile pc=0x0000000003810950 method=java.util.HashMap.putVal(ILjava/lang/Object;Ljava/lang/Object;ZZ)Ljava/lang/Object; @ 203
Event: 2.363 Thread 0x0000000018c5e000 Uncommon trap: reason=unstable_if action=reinterpret pc=0x000000000381fb78 method=java.lang.ThreadLocal$ThreadLocalMap.getEntry(Ljava/lang/ThreadLocal;)Ljava/lang/ThreadLocal$ThreadLocalMap$Entry; @ 21
Event: 2.508 Thread 0x0000000018c5e000 Uncommon trap: reason=unstable_if action=reinterpret pc=0x0000000003806510 method=java.util.HashMap.getNode(ILjava/lang/Object;)Ljava/util/HashMap$Node; @ 129
Event: 2.508 Thread 0x0000000018c5e000 Uncommon trap: reason=class_check action=maybe_recompile pc=0x0000000003810950 method=java.util.HashMap.putVal(ILjava/lang/Object;Ljava/lang/Object;ZZ)Ljava/lang/Object; @ 203
Event: 2.879 Thread 0x0000000018c5e000 Uncommon trap: reason=bimorphic action=maybe_recompile pc=0x00000000039d46a8 method=java.util.HashMap.putVal(ILjava/lang/Object;Ljava/lang/Object;ZZ)Ljava/lang/Object; @ 253
Event: 2.913 Thread 0x0000000018c5e000 Uncommon trap: reason=unstable_if action=reinterpret pc=0x000000000395a168 method=java.util.concurrent.ConcurrentHashMap.addCount(JI)V @ 34
Event: 2.941 Thread 0x00000000184f6000 Uncommon trap: reason=unstable_if action=reinterpret pc=0x0000000003a0cb64 method=jdk.internal.org.objectweb.asm.Type.getArgumentsAndReturnSizes(Ljava/lang/String;)I @ 47
Event: 3.138 Thread 0x0000000018c5e000 Uncommon trap: reason=bimorphic action=maybe_recompile pc=0x00000000039d46a8 method=java.util.HashMap.putVal(ILjava/lang/Object;Ljava/lang/Object;ZZ)Ljava/lang/Object; @ 253
Event: 3.151 Thread 0x0000000018c5e000 Uncommon trap: reason=bimorphic action=maybe_recompile pc=0x00000000039d46a8 method=java.util.HashMap.putVal(ILjava/lang/Object;Ljava/lang/Object;ZZ)Ljava/lang/Object; @ 253
Event: 3.167 Thread 0x0000000018c5e000 Uncommon trap: reason=bimorphic action=maybe_recompile pc=0x00000000039d46a8 method=java.util.HashMap.putVal(ILjava/lang/Object;Ljava/lang/Object;ZZ)Ljava/lang/Object; @ 253

Internal exceptions (10 events):
Event: 3.042 Thread 0x0000000018c5e000 Exception <a 'java/lang/ClassNotFoundException': org/springframework/beans/factory/support/BeanDefinitionRegistryPostProcessorCustomizer> (0x00000000eb225358) thrown at [D:\re\workspace\8-2-build-windows-amd64-cygwin\jdk8u40\2855\hotspot\src\share\vm\class
Event: 3.043 Thread 0x0000000018c5e000 Exception <a 'java/lang/ClassNotFoundException': org/springframework/beans/factory/config/BeanFactoryPostProcessorCustomizer> (0x00000000eb24e548) thrown at [D:\re\workspace\8-2-build-windows-amd64-cygwin\jdk8u40\2855\hotspot\src\share\vm\classfile\systemDÙz(&=Y@
Event: 3.044 Thread 0x0000000018c5e000 Exception <a 'java/lang/ClassNotFoundException': org/springframework/core/PriorityOrderedCustomizer> (0x00000000eb26c138) thrown at [D:\re\workspace\8-2-build-windows-amd64-cygwin\jdk8u40\2855\hotspot\src\share\vm\classfile\systemDictionary.cpp, line 210]
Event: 3.045 Thread 0x0000000018c5e000 Exception <a 'java/lang/ClassNotFoundException': org/springframework/core/OrderedCustomizer> (0x00000000eb285b78) thrown at [D:\re\workspace\8-2-build-windows-amd64-cygwin\jdk8u40\2855\hotspot\src\share\vm\classfile\systemDictionary.cpp, line 210]
Event: 3.046 Thread 0x0000000018c5e000 Exception <a 'java/lang/ClassNotFoundException': org/springframework/context/ResourceLoaderAwareCustomizer> (0x00000000eb2a6950) thrown at [D:\re\workspace\8-2-build-windows-amd64-cygwin\jdk8u40\2855\hotspot\src\share\vm\classfile\systemDictionary.cpp, linß,Xaa@
Event: 3.048 Thread 0x0000000018c5e000 Exception <a 'java/lang/ClassNotFoundException': org/springframework/beans/factory/AwareCustomizer> (0x00000000eb2c4ab0) thrown at [D:\re\workspace\8-2-build-windows-amd64-cygwin\jdk8u40\2855\hotspot\src\share\vm\classfile\systemDictionary.cpp, line 210]
Event: 3.049 Thread 0x0000000018c5e000 Exception <a 'java/lang/ClassNotFoundException': org/springframework/beans/factory/BeanClassLoaderAwareCustomizer> (0x00000000eb2e7e80) thrown at [D:\re\workspace\8-2-build-windows-amd64-cygwin\jdk8u40\2855\hotspot\src\share\vm\classfile\systemDictionary.cØ¤ÛEYf@
Event: 3.050 Thread 0x0000000018c5e000 Exception <a 'java/lang/ClassNotFoundException': org/springframework/beans/factory/AwareCustomizer> (0x00000000eb3a3fc0) thrown at [D:\re\workspace\8-2-build-windows-amd64-cygwin\jdk8u40\2855\hotspot\src\share\vm\classfile\systemDictionary.cpp, line 210]
Event: 3.051 Thread 0x0000000018c5e000 Exception <a 'java/lang/ClassNotFoundException': org/springframework/context/EnvironmentAwareCustomizer> (0x00000000eb3c2e88) thrown at [D:\re\workspace\8-2-build-windows-amd64-cygwin\jdk8u40\2855\hotspot\src\share\vm\classfile\systemDictionary.cpp, line 25:ÿàNi@
Event: 3.051 Thread 0x0000000018c5e000 Exception <a 'java/lang/ClassNotFoundException': org/springframework/beans/factory/AwareCustomizer> (0x00000000eb3e0bd0) thrown at [D:\re\workspace\8-2-build-windows-amd64-cygwin\jdk8u40\2855\hotspot\src\share\vm\classfile\systemDictionary.cpp, line 210]

Events (10 events):
Event: 3.219 loading class org/springframework/context/annotation/DeferredImportSelector$Group$Entry
Event: 3.219 loading class org/springframework/context/annotation/DeferredImportSelector$Group$Entry done
Event: 3.219 loading class org/springframework/context/annotation/DeferredImportSelector$Group$Entry
Event: 3.219 loading class org/springframework/context/annotation/DeferredImportSelector$Group$Entry done
Event: 3.219 loading class org/springframework/context/annotation/ConfigurationClassParser$DeferredImportSelectorGroupingHandler
Event: 3.219 loading class org/springframework/context/annotation/ConfigurationClassParser$DeferredImportSelectorGroupingHandler done
Event: 3.226 loading class org/springframework/core/type/filter/AssignableTypeFilter
Event: 3.226 loading class org/springframework/core/type/filter/AssignableTypeFilter done
Event: 3.229 loading class org/springframework/context/annotation/ImportBeanDefinitionRegistrar
Event: 3.229 loading class org/springframework/context/annotation/ImportBeanDefinitionRegistrar done


Dynamic libraries:
0x00007ff7f5500000 - 0x00007ff7f5537000 	C:\Program Files\Java\jdk1.8.0_40\bin\javaw.exe
0x00007ffd8cd40000 - 0x00007ffd8cf21000 	C:\WINDOWS\SYSTEM32\ntdll.dll
0x00007ffd8a340000 - 0x00007ffd8a3f1000 	C:\WINDOWS\System32\KERNEL32.DLL
0x00007ffd89170000 - 0x00007ffd893e3000 	C:\WINDOWS\System32\KERNELBASE.dll
0x00007ffd8a290000 - 0x00007ffd8a331000 	C:\WINDOWS\System32\ADVAPI32.dll
0x00007ffd8bfd0000 - 0x00007ffd8c06e000 	C:\WINDOWS\System32\msvcrt.dll
0x00007ffd8a1d0000 - 0x00007ffd8a22b000 	C:\WINDOWS\System32\sechost.dll
0x00007ffd8c210000 - 0x00007ffd8c334000 	C:\WINDOWS\System32\RPCRT4.dll
0x00007ffd8c600000 - 0x00007ffd8c790000 	C:\WINDOWS\System32\USER32.dll
0x00007ffd8a0e0000 - 0x00007ffd8a100000 	C:\WINDOWS\System32\win32u.dll
0x00007ffd8c5d0000 - 0x00007ffd8c5f8000 	C:\WINDOWS\System32\GDI32.dll
0x00007ffd89730000 - 0x00007ffd898c2000 	C:\WINDOWS\System32\gdi32full.dll
0x00007ffd894a0000 - 0x00007ffd8953f000 	C:\WINDOWS\System32\msvcp_win.dll
0x00007ffd89fe0000 - 0x00007ffd8a0d8000 	C:\WINDOWS\System32\ucrtbase.dll
0x00007ffd80880000 - 0x00007ffd80ae9000 	C:\WINDOWS\WinSxS\amd64_microsoft.windows.common-controls_6595b64144ccf1df_6.0.17134.706_none_fb43a2cb30647007\COMCTL32.dll
0x00007ffd8c840000 - 0x00007ffd8cb62000 	C:\WINDOWS\System32\combase.dll
0x00007ffd8a100000 - 0x00007ffd8a17a000 	C:\WINDOWS\System32\bcryptPrimitives.dll
0x00007ffd8c350000 - 0x00007ffd8c37d000 	C:\WINDOWS\System32\IMM32.DLL
0x0000000055f00000 - 0x0000000055fd2000 	C:\Program Files\Java\jdk1.8.0_40\jre\bin\msvcr100.dll
0x00000000561d0000 - 0x0000000056a53000 	C:\Program Files\Java\jdk1.8.0_40\jre\bin\server\jvm.dll
0x00007ffd8bef0000 - 0x00007ffd8bef8000 	C:\WINDOWS\System32\PSAPI.DLL
0x00007ffd7e6c0000 - 0x00007ffd7e6e3000 	C:\WINDOWS\SYSTEM32\WINMM.dll
0x00007ffd87c90000 - 0x00007ffd87c99000 	C:\WINDOWS\SYSTEM32\WSOCK32.dll
0x00007ffd81a20000 - 0x00007ffd81a2a000 	C:\WINDOWS\SYSTEM32\VERSION.dll
0x00007ffd8bf00000 - 0x00007ffd8bf6c000 	C:\WINDOWS\System32\WS2_32.dll
0x00007ffd7e4b0000 - 0x00007ffd7e4da000 	C:\WINDOWS\SYSTEM32\WINMMBASE.dll
0x00007ffd8a180000 - 0x00007ffd8a1c9000 	C:\WINDOWS\System32\cfgmgr32.dll
0x00000000560e0000 - 0x00000000560ef000 	C:\Program Files\Java\jdk1.8.0_40\jre\bin\verify.dll
0x00000000560b0000 - 0x00000000560d9000 	C:\Program Files\Java\jdk1.8.0_40\jre\bin\java.dll
0x0000000056060000 - 0x0000000056076000 	C:\Program Files\Java\jdk1.8.0_40\jre\bin\zip.dll
0x00007ffd8a850000 - 0x00007ffd8bc90000 	C:\WINDOWS\System32\SHELL32.dll
0x00007ffd8c790000 - 0x00007ffd8c839000 	C:\WINDOWS\System32\shcore.dll
0x00007ffd898d0000 - 0x00007ffd89fdd000 	C:\WINDOWS\System32\windows.storage.dll
0x00007ffd8bf70000 - 0x00007ffd8bfc1000 	C:\WINDOWS\System32\shlwapi.dll
0x00007ffd89070000 - 0x00007ffd89081000 	C:\WINDOWS\System32\kernel.appcore.dll
0x00007ffd890f0000 - 0x00007ffd8910f000 	C:\WINDOWS\System32\profapi.dll
0x00007ffd890a0000 - 0x00007ffd890ec000 	C:\WINDOWS\System32\powrprof.dll
0x00007ffd89090000 - 0x00007ffd8909a000 	C:\WINDOWS\System32\FLTLIB.DLL
0x0000000056040000 - 0x000000005605a000 	C:\Program Files\Java\jdk1.8.0_40\jre\bin\net.dll
0x00007ffd88870000 - 0x00007ffd888d6000 	C:\WINDOWS\system32\mswsock.dll
0x00007ffd885f0000 - 0x00007ffd88628000 	C:\WINDOWS\SYSTEM32\IPHLPAPI.DLL
0x00007ffd8c340000 - 0x00007ffd8c348000 	C:\WINDOWS\System32\NSI.dll
0x00007ffd82c40000 - 0x00007ffd82c56000 	C:\WINDOWS\SYSTEM32\dhcpcsvc6.DLL
0x00007ffd823c0000 - 0x00007ffd823da000 	C:\WINDOWS\SYSTEM32\dhcpcsvc.DLL
0x00007ffd88630000 - 0x00007ffd886ee000 	C:\WINDOWS\SYSTEM32\DNSAPI.dll
0x00007ffd80090000 - 0x00007ffd8009a000 	C:\Windows\System32\rasadhlp.dll
0x00007ffd80800000 - 0x00007ffd80872000 	C:\WINDOWS\System32\fwpuclnt.dll
0x00007ffd88bb0000 - 0x00007ffd88bd5000 	C:\WINDOWS\SYSTEM32\bcrypt.dll
0x0000000055fe0000 - 0x0000000055fed000 	C:\Program Files\Java\jdk1.8.0_40\jre\bin\management.dll
0x00007ffd84320000 - 0x00007ffd84336000 	C:\WINDOWS\system32\napinsp.dll
0x00007ffd84300000 - 0x00007ffd8431a000 	C:\WINDOWS\system32\pnrpnsp.dll
0x00007ffd83d70000 - 0x00007ffd83d89000 	C:\WINDOWS\system32\NLAapi.dll
0x00007ffd84fe0000 - 0x00007ffd84fee000 	C:\WINDOWS\System32\winrnr.dll
0x00007ffd87a70000 - 0x00007ffd87c39000 	C:\WINDOWS\SYSTEM32\dbghelp.dll

VM Arguments:
jvm_args: -Dfile.encoding=UTF-8 
java_command: com.srikanth.microservices.netflixzuulapigatewayserver.NetflixZuulApiGatewayServerApplication
java_class_path (initial): C:\Program Files\Java\jdk1.8.0_40\jre\lib\resources.jar;C:\Program Files\Java\jdk1.8.0_40\jre\lib\rt.jar;C:\Program Files\Java\jdk1.8.0_40\jre\lib\jsse.jar;C:\Program Files\Java\jdk1.8.0_40\jre\lib\jce.jar;C:\Program Files\Java\jdk1.8.0_40\jre\lib\charsets.jar;C:\Program Files\Java\jdk1.8.0_40\jre\lib\jfr.jar;C:\Program Files\Java\jdk1.8.0_40\jre\lib\ext\access-bridge-64.jar;C:\Program Files\Java\jdk1.8.0_40\jre\lib\ext\cldrdata.jar;C:\Program Files\Java\jdk1.8.0_40\jre\lib\ext\dnsns.jar;C:\Program Files\Java\jdk1.8.0_40\jre\lib\ext\jaccess.jar;C:\Program Files\Java\jdk1.8.0_40\jre\lib\ext\jfxrt.jar;C:\Program Files\Java\jdk1.8.0_40\jre\lib\ext\localedata.jar;C:\Program Files\Java\jdk1.8.0_40\jre\lib\ext\nashorn.jar;C:\Program Files\Java\jdk1.8.0_40\jre\lib\ext\sunec.jar;C:\Program Files\Java\jdk1.8.0_40\jre\lib\ext\sunjce_provider.jar;C:\Program Files\Java\jdk1.8.0_40\jre\lib\ext\sunmscapi.jar;C:\Program Files\Java\jdk1.8.0_40\jre\lib\ext\sunpkcs11.jar;C:\Program Files\Java\jdk1.8.0_40\jre\lib\ext\zipfs.jar;H:\Prep\netflix-zuul-api-gateway-server\target\classes;C:\Users\welcome\.m2\repository\org\springframework\boot\spring-boot-starter-actuator\2.1.4.RELEASE\spring-boot-starter-actuator-2.1.4.RELEASE.jar;C:\Users\welcome\.m2\repository\org\springframework\boot\spring-boot-starter\2.1.4.RELEASE\spring-boot-starter-2.1.4.RELEASE.jar;C:\Users\welcome\.m2\repository\org\springframework\boot\spring-boot-starter-logging\2.1.4.RELEASE\spring-boot-starter-logging-2.1.4.RELEASE.jar;C:\Users\welcome\.m2\repository\ch\qos\logback\logback-classic\1.2.3\logback-classic-1.2.3.jar;C:\Users\welcome\.m2\repository\ch\qos\logback\logback-core\1.2.3\logback-core-1.2.3.jar;C:\Users\welcome\.m2\repository\org\apache\logging\log4j\log4j-to-slf4j\2.11.2\log4j-to-slf4j-2.11.2.jar;C:\Users\welcome\.m2\repository\org\apache\logging\log4j\log4j-api\2.11.2\log4j-api-2.11.2.jar;C:\Users\welcome\.m2\repository\org\slf4j\jul-to-slf4j\1.7.26\jul-to-slf4j-1.7.26.jar;C
Launcher Type: SUN_STANDARD

Environment Variables:
JAVA_HOME=C:\Program Files\Java\jdk1.8.0_40
JRE_HOME=C:\Program Files\Java\jre1.8.0_40
PATH=C:/Program Files/Java/jdk1.8.0_40/bin/../jre/bin/server;C:/Program Files/Java/jdk1.8.0_40/bin/../jre/bin;C:/Program Files/Java/jdk1.8.0_40/bin/../jre/lib/amd64;C:\Program Files\apache-maven-3.5.0\bin;C:\Program Files (x86)\Skype\Phone\;C:\Program Files\Java\jdk1.8.0_40\bin;C:\Program Files\Java\jre1.8.0_40\bin;C:\Program Files\Git\cmd;C:\Program Files (x86)\Brackets\command;C:\WINDOWS\system32;C:\WINDOWS;C:\WINDOWS\System32\Wbem;C:\WINDOWS\System32\WindowsPowerShell\v1.0\;C:\Program Files\nodejs\;;C:\WINDOWS\System32\OpenSSH\;C:\Program Files\Microsoft SQL Server\Client SDK\ODBC\130\Tools\Binn\;C:\Program Files (x86)\Microsoft SQL Server\140\Tools\Binn\;C:\Program Files\Microsoft SQL Server\140\Tools\Binn\;C:\Program Files\Microsoft SQL Server\140\DTS\Binn\;C:\Program Files (x86)\Microsoft SQL Server\Client SDK\ODBC\130\Tools\Binn\;C:\Program Files (x86)\Microsoft SQL Server\140\DTS\Binn\;C:\Program Files (x86)\Microsoft SQL Server\140\Tools\Binn\ManagementStudio\;C:\Program Files\Java\jdk1.8.0_40;C:\Users\welcome\AppData\Local\Microsoft\WindowsApps;C:\Users\welcome\AppData\Roaming\npm;;H:\eclipse;
USERNAME=SreekanthReddy
OS=Windows_NT
PROCESSOR_IDENTIFIER=Intel64 Family 6 Model 61 Stepping 4, GenuineIntel



---------------  S Y S T E M  ---------------

OS: Windows 10.0 , 64 bit Build 17134 (10.0.17134.706)

CPU:total 4 (2 cores per cpu, 2 threads per core) family 6 model 61 stepping 4, cmov, cx8, fxsr, mmx, sse, sse2, sse3, ssse3, sse4.1, sse4.2, popcnt, clmul, erms, 3dnowpref, lzcnt, ht, tsc, tscinvbit

Memory: 4k page, physical 4113068k(658308k free), swap 6161068k(3984k free)

vm_info: Java HotSpot(TM) 64-Bit Server VM (25.40-b25) for windows-amd64 JRE (1.8.0_40-b25), built on Feb 10 2015 21:53:57 by "java_re" with MS VC++ 10.0 (VS2010)

time: Sun Apr 14 21:54:47 2019
elapsed time: 3 seconds (0d 0h 0m 3s)

