#
# There is insufficient memory for the Java Runtime Environment to continue.
# Native memory allocation (malloc) failed to allocate 979696 bytes for Chunk::new
# Possible reasons:
#   The system is out of physical RAM or swap space
#   In 32 bit mode, the process size limit was hit
# Possible solutions:
#   Reduce memory load on the system
#   Increase physical memory or swap space
#   Check if swap backing store is full
#   Use 64 bit Java on a 64 bit OS
#   Decrease Java heap size (-Xmx/-Xms)
#   Decrease number of Java threads
#   Decrease Java thread stack sizes (-Xss)
#   Set larger code cache with -XX:ReservedCodeCacheSize=
# This output file may be truncated or incomplete.
#
#  Out of Memory Error (allocation.cpp:390), pid=6048, tid=1556
#
# JRE version: Java(TM) SE Runtime Environment (8.0_40-b25) (build 1.8.0_40-b25)
# Java VM: Java HotSpot(TM) 64-Bit Server VM (25.40-b25 mixed mode windows-amd64 compressed oops)
# Failed to write core dump. Minidumps are not enabled by default on client versions of Windows
#

---------------  T H R E A D  ---------------

Current thread (0x00000000159f3000):  JavaThread "C2 CompilerThread1" daemon [_thread_in_native, id=1556, stack(0x0000000017060000,0x0000000017160000)]

Stack: [0x0000000017060000,0x0000000017160000]
Native frames: (J=compiled Java code, j=interpreted, Vv=VM code, C=native code)
V  [jvm.dll+0x32b47a]
V  [jvm.dll+0x2797f3]
V  [jvm.dll+0x27a489]
V  [jvm.dll+0x2717a5]
V  [jvm.dll+0xcb9a2]
V  [jvm.dll+0xcbe6c]
V  [jvm.dll+0x49294c]
V  [jvm.dll+0x45f77f]
V  [jvm.dll+0x46a73b]
V  [jvm.dll+0x46cd52]
V  [jvm.dll+0x4500d2]
V  [jvm.dll+0xa4312]
V  [jvm.dll+0xa4c4f]
V  [jvm.dll+0x241914]
V  [jvm.dll+0x29848a]
C  [msvcr100.dll+0x21d9f]
C  [msvcr100.dll+0x21e3b]
C  [KERNEL32.DLL+0x14034]
C  [ntdll.dll+0x73691]


Current CompileTask:
C2:   4020 1430       4       java.io.WinNTFileSystem::normalize (143 bytes)


---------------  P R O C E S S  ---------------

Java Threads: ( => current thread )
  0x000000001859c800 JavaThread "background-preinit" [_thread_blocked, id=11068, stack(0x0000000019370000,0x0000000019470000)]
  0x00000000183cd800 JavaThread "restartedMain" [_thread_blocked, id=8072, stack(0x0000000019270000,0x0000000019370000)]
  0x0000000017fd8800 JavaThread "Thread-0" [_thread_blocked, id=10636, stack(0x0000000019170000,0x0000000019270000)]
  0x0000000017280800 JavaThread "Service Thread" daemon [_thread_blocked, id=1624, stack(0x0000000017660000,0x0000000017760000)]
  0x00000000159ff800 JavaThread "C1 CompilerThread2" daemon [_thread_blocked, id=8112, stack(0x0000000017160000,0x0000000017260000)]
=>0x00000000159f3000 JavaThread "C2 CompilerThread1" daemon [_thread_in_native, id=1556, stack(0x0000000017060000,0x0000000017160000)]
  0x00000000159f1000 JavaThread "C2 CompilerThread0" daemon [_thread_blocked, id=1996, stack(0x0000000016f60000,0x0000000017060000)]
  0x00000000159ef800 JavaThread "Attach Listener" daemon [_thread_blocked, id=10772, stack(0x0000000016e60000,0x0000000016f60000)]
  0x00000000159ee800 JavaThread "Signal Dispatcher" daemon [_thread_blocked, id=9464, stack(0x0000000016d60000,0x0000000016e60000)]
  0x00000000033cd800 JavaThread "Finalizer" daemon [_thread_blocked, id=6168, stack(0x0000000016c60000,0x0000000016d60000)]
  0x00000000033c5800 JavaThread "Reference Handler" daemon [_thread_blocked, id=8888, stack(0x0000000016b60000,0x0000000016c60000)]
  0x00000000032d8000 JavaThread "main" [_thread_blocked, id=1716, stack(0x00000000031d0000,0x00000000032d0000)]

Other Threads:
  0x00000000159b7000 VMThread [stack: 0x0000000016a60000,0x0000000016b60000] [id=11724]
  0x0000000015a4e800 WatcherThread [stack: 0x0000000017760000,0x0000000017860000] [id=10456]

VM state:at safepoint (normal execution)

VM Mutex/Monitor currently owned by a thread:  ([mutex/lock_event])
[0x00000000032d5a20] Threads_lock - owner thread: 0x00000000159b7000
[0x00000000032d5c20] Heap_lock - owner thread: 0x00000000183cd800

Heap:
 PSYoungGen      total 18944K, used 1523K [0x00000000eb100000, 0x00000000ec600000, 0x0000000100000000)
  eden space 16384K, 0% used [0x00000000eb100000,0x00000000eb100000,0x00000000ec100000)
  from space 2560K, 59% used [0x00000000ec380000,0x00000000ec4fcd80,0x00000000ec600000)
  to   space 2560K, 0% used [0x00000000ec100000,0x00000000ec100000,0x00000000ec380000)
 ParOldGen       total 31232K, used 7223K [0x00000000c1200000, 0x00000000c3080000, 0x00000000eb100000)
  object space 31232K, 23% used [0x00000000c1200000,0x00000000c190dd00,0x00000000c3080000)
 Metaspace       used 18319K, capacity 18785K, committed 18944K, reserved 1071104K
  class space    used 2338K, capacity 2485K, committed 2560K, reserved 1048576K

Card table byte_map: [0x0000000012790000,0x0000000012990000] byte_map_base: 0x0000000012187000

Marking Bits: (ParMarkBitMap*) 0x00000000569d4040
 Begin Bits: [0x0000000012ee0000, 0x0000000013e98000)
 End Bits:   [0x0000000013e98000, 0x0000000014e50000)

Polling page: 0x00000000011a0000

CodeCache: size=245760Kb used=4855Kb max_used=4855Kb free=240904Kb
 bounds [0x00000000033d0000, 0x0000000003890000, 0x00000000123d0000]
 total_blobs=1794 nmethods=1456 adapters=251
 compilation: enabled

Compilation events (10 events):
Event: 3.971 Thread 0x00000000159ff800 1444       3       org.springframework.core.OrderComparator::doCompare (60 bytes)
Event: 3.972 Thread 0x00000000159ff800 nmethod 1444 0x000000000387cfd0 code [0x000000000387d180, 0x000000000387d798]
Event: 3.972 Thread 0x00000000159ff800 1446       3       org.springframework.util.ConcurrentReferenceHashMap$ReferenceManager::createReference (43 bytes)
Event: 3.973 Thread 0x00000000159ff800 nmethod 1446 0x0000000003886850 code [0x0000000003886a00, 0x0000000003886ee8]
Event: 3.973 Thread 0x00000000159ff800 1448       3       sun.reflect.annotation.AnnotationInvocationHandler::invoke (277 bytes)
Event: 3.975 Thread 0x00000000159ff800 nmethod 1448 0x0000000003888690 code [0x0000000003888980, 0x0000000003889f78]
Event: 3.975 Thread 0x00000000159ff800 1447       3       org.springframework.util.ConcurrentReferenceHashMap$Segment$1::add (55 bytes)
Event: 3.976 Thread 0x00000000159ff800 nmethod 1447 0x0000000003885e90 code [0x0000000003886040, 0x0000000003886548]
Event: 3.976 Thread 0x00000000159ff800 1445       3       java.util.Collections$EmptyMap::entrySet (4 bytes)
Event: 3.976 Thread 0x00000000159ff800 nmethod 1445 0x0000000003885ad0 code [0x0000000003885c40, 0x0000000003885df0]

GC Heap History (10 events):
Event: 3.111 GC heap before
{Heap before GC invocations=6 (full 0):
 PSYoungGen      total 18944K, used 18932K [0x00000000eb100000, 0x00000000ec600000, 0x0000000100000000)
  eden space 16384K, 100% used [0x00000000eb100000,0x00000000ec100000,0x00000000ec100000)
  from space 2560K, 99% used [0x00000000ec100000,0x00000000ec37d030,0x00000000ec380000)
  to   space 2560K, 0% used [0x00000000ec380000,0x00000000ec380000,0x00000000ec600000)
 ParOldGen       total 44032K, used 7552K [0x00000000c1200000, 0x00000000c3d00000, 0x00000000eb100000)
  object space 44032K, 17% used [0x00000000c1200000,0x00000000c19600b0,0x00000000c3d00000)
 Metaspace       used 12346K, capacity 12696K, committed 13056K, reserved 1060864K
  class space    used 1547K, capacity 1666K, committed 1792K, reserved 1048576K
Event: 3.119 GC heap after
Heap after GC invocations=6 (full 0):
 PSYoungGen      total 18944K, used 2532K [0x00000000eb100000, 0x00000000ec600000, 0x0000000100000000)
  eden space 16384K, 0% used [0x00000000eb100000,0x00000000eb100000,0x00000000ec100000)
  from space 2560K, 98% used [0x00000000ec380000,0x00000000ec5f9020,0x00000000ec600000)
  to   space 2560K, 0% used [0x00000000ec100000,0x00000000ec100000,0x00000000ec380000)
 ParOldGen       total 44032K, used 8232K [0x00000000c1200000, 0x00000000c3d00000, 0x00000000eb100000)
  object space 44032K, 18% used [0x00000000c1200000,0x00000000c1a0a0e0,0x00000000c3d00000)
 Metaspace       used 12346K, capacity 12696K, committed 13056K, reserved 1060864K
  class space    used 1547K, capacity 1666K, committed 1792K, reserved 1048576K
}
Event: 3.337 GC heap before
{Heap before GC invocations=7 (full 0):
 PSYoungGen      total 18944K, used 18867K [0x00000000eb100000, 0x00000000ec600000, 0x0000000100000000)
  eden space 16384K, 99% used [0x00000000eb100000,0x00000000ec0f3ec8,0x00000000ec100000)
  from space 2560K, 98% used [0x00000000ec380000,0x00000000ec5f9020,0x00000000ec600000)
  to   space 2560K, 0% used [0x00000000ec100000,0x00000000ec100000,0x00000000ec380000)
 ParOldGen       total 44032K, used 8232K [0x00000000c1200000, 0x00000000c3d00000, 0x00000000eb100000)
  object space 44032K, 18% used [0x00000000c1200000,0x00000000c1a0a0e0,0x00000000c3d00000)
 Metaspace       used 13205K, capacity 13597K, committed 13824K, reserved 1062912K
  class space    used 1683K, capacity 1792K, committed 1792K, reserved 1048576K
Event: 3.345 GC heap after
Heap after GC invocations=7 (full 0):
 PSYoungGen      total 18944K, used 2554K [0x00000000eb100000, 0x00000000ec600000, 0x0000000100000000)
  eden space 16384K, 0% used [0x00000000eb100000,0x00000000eb100000,0x00000000ec100000)
  from space 2560K, 99% used [0x00000000ec100000,0x00000000ec37eaa0,0x00000000ec380000)
  to   space 2560K, 0% used [0x00000000ec380000,0x00000000ec380000,0x00000000ec600000)
 ParOldGen       total 44032K, used 9377K [0x00000000c1200000, 0x00000000c3d00000, 0x00000000eb100000)
  object space 44032K, 21% used [0x00000000c1200000,0x00000000c1b286f8,0x00000000c3d00000)
 Metaspace       used 13205K, capacity 13597K, committed 13824K, reserved 1062912K
  class space    used 1683K, capacity 1792K, committed 1792K, reserved 1048576K
}
Event: 3.345 GC heap before
{Heap before GC invocations=8 (full 1):
 PSYoungGen      total 18944K, used 2554K [0x00000000eb100000, 0x00000000ec600000, 0x0000000100000000)
  eden space 16384K, 0% used [0x00000000eb100000,0x00000000eb100000,0x00000000ec100000)
  from space 2560K, 99% used [0x00000000ec100000,0x00000000ec37eaa0,0x00000000ec380000)
  to   space 2560K, 0% used [0x00000000ec380000,0x00000000ec380000,0x00000000ec600000)
 ParOldGen       total 44032K, used 9377K [0x00000000c1200000, 0x00000000c3d00000, 0x00000000eb100000)
  object space 44032K, 21% used [0x00000000c1200000,0x00000000c1b286f8,0x00000000c3d00000)
 Metaspace       used 13205K, capacity 13597K, committed 13824K, reserved 1062912K
  class space    used 1683K, capacity 1792K, committed 1792K, reserved 1048576K
Event: 3.393 GC heap after
Heap after GC invocations=8 (full 1):
 PSYoungGen      total 18944K, used 0K [0x00000000eb100000, 0x00000000ec600000, 0x0000000100000000)
  eden space 16384K, 0% used [0x00000000eb100000,0x00000000eb100000,0x00000000ec100000)
  from space 2560K, 0% used [0x00000000ec100000,0x00000000ec100000,0x00000000ec380000)
  to   space 2560K, 0% used [0x00000000ec380000,0x00000000ec380000,0x00000000ec600000)
 ParOldGen       total 31232K, used 6222K [0x00000000c1200000, 0x00000000c3080000, 0x00000000eb100000)
  object space 31232K, 19% used [0x00000000c1200000,0x00000000c18139f0,0x00000000c3080000)
 Metaspace       used 13203K, capacity 13591K, committed 13824K, reserved 1062912K
  class space    used 1682K, capacity 1791K, committed 1792K, reserved 1048576K
}
Event: 3.611 GC heap before
{Heap before GC invocations=9 (full 1):
 PSYoungGen      total 18944K, used 16384K [0x00000000eb100000, 0x00000000ec600000, 0x0000000100000000)
  eden space 16384K, 100% used [0x00000000eb100000,0x00000000ec100000,0x00000000ec100000)
  from space 2560K, 0% used [0x00000000ec100000,0x00000000ec100000,0x00000000ec380000)
  to   space 2560K, 0% used [0x00000000ec380000,0x00000000ec380000,0x00000000ec600000)
 ParOldGen       total 31232K, used 6222K [0x00000000c1200000, 0x00000000c3080000, 0x00000000eb100000)
  object space 31232K, 19% used [0x00000000c1200000,0x00000000c18139f0,0x00000000c3080000)
 Metaspace       used 14968K, capacity 15411K, committed 15744K, reserved 1062912K
  class space    used 1915K, capacity 2050K, committed 2176K, reserved 1048576K
Event: 3.614 GC heap after
Heap after GC invocations=9 (full 1):
 PSYoungGen      total 18944K, used 1850K [0x00000000eb100000, 0x00000000ec600000, 0x0000000100000000)
  eden space 16384K, 0% used [0x00000000eb100000,0x00000000eb100000,0x00000000ec100000)
  from space 2560K, 72% used [0x00000000ec380000,0x00000000ec54e868,0x00000000ec600000)
  to   space 2560K, 0% used [0x00000000ec100000,0x00000000ec100000,0x00000000ec380000)
 ParOldGen       total 31232K, used 6230K [0x00000000c1200000, 0x00000000c3080000, 0x00000000eb100000)
  object space 31232K, 19% used [0x00000000c1200000,0x00000000c18159f0,0x00000000c3080000)
 Metaspace       used 14968K, capacity 15411K, committed 15744K, reserved 1062912K
  class space    used 1915K, capacity 2050K, committed 2176K, reserved 1048576K
}
Event: 3.849 GC heap before
{Heap before GC invocations=10 (full 1):
 PSYoungGen      total 18944K, used 18234K [0x00000000eb100000, 0x00000000ec600000, 0x0000000100000000)
  eden space 16384K, 100% used [0x00000000eb100000,0x00000000ec100000,0x00000000ec100000)
  from space 2560K, 72% used [0x00000000ec380000,0x00000000ec54e868,0x00000000ec600000)
  to   space 2560K, 0% used [0x00000000ec100000,0x00000000ec100000,0x00000000ec380000)
 ParOldGen       total 31232K, used 6230K [0x00000000c1200000, 0x00000000c3080000, 0x00000000eb100000)
  object space 31232K, 19% used [0x00000000c1200000,0x00000000c18159f0,0x00000000c3080000)
 Metaspace       used 17471K, capacity 17949K, committed 18304K, reserved 1064960K
  class space    used 2219K, capacity 2355K, committed 2432K, reserved 1048576K
Event: 3.854 GC heap after
Heap after GC invocations=10 (full 1):
 PSYoungGen      total 18944K, used 2555K [0x00000000eb100000, 0x00000000ec600000, 0x0000000100000000)
  eden space 16384K, 0% used [0x00000000eb100000,0x00000000eb100000,0x00000000ec100000)
  from space 2560K, 99% used [0x00000000ec100000,0x00000000ec37ec28,0x00000000ec380000)
  to   space 2560K, 0% used [0x00000000ec380000,0x00000000ec380000,0x00000000ec600000)
 ParOldGen       total 31232K, used 6814K [0x00000000c1200000, 0x00000000c3080000, 0x00000000eb100000)
  object space 31232K, 21% used [0x00000000c1200000,0x00000000c18a7838,0x00000000c3080000)
 Metaspace       used 17471K, capacity 17949K, committed 18304K, reserved 1064960K
  class space    used 2219K, capacity 2355K, committed 2432K, reserved 1048576K
}

Deoptimization events (10 events):
Event: 2.342 Thread 0x000000001859c800 Uncommon trap: reason=unstable_if action=reinterpret pc=0x00000000036aaff0 method=java.lang.ThreadLocal.get()Ljava/lang/Object; @ 11
Event: 2.497 Thread 0x00000000183cd800 Uncommon trap: reason=unstable_if action=reinterpret pc=0x00000000036a4af0 method=java.util.HashMap.hash(Ljava/lang/Object;)I @ 1
Event: 2.775 Thread 0x000000001859c800 Uncommon trap: reason=unstable_if action=reinterpret pc=0x00000000036a8f14 method=java.lang.ThreadLocal$ThreadLocalMap.getEntry(Ljava/lang/ThreadLocal;)Ljava/lang/ThreadLocal$ThreadLocalMap$Entry; @ 21
Event: 3.397 Thread 0x00000000183cd800 Uncommon trap: reason=unstable_if action=reinterpret pc=0x00000000036452fc method=java.io.WinNTFileSystem.isLetter(C)Z @ 15
Event: 3.411 Thread 0x000000001859c800 Uncommon trap: reason=class_check action=maybe_recompile pc=0x000000000369eb18 method=java.util.HashMap.putVal(ILjava/lang/Object;Ljava/lang/Object;ZZ)Ljava/lang/Object; @ 203
Event: 3.419 Thread 0x000000001859c800 Uncommon trap: reason=class_check action=maybe_recompile pc=0x000000000369eb18 method=java.util.HashMap.putVal(ILjava/lang/Object;Ljava/lang/Object;ZZ)Ljava/lang/Object; @ 203
Event: 3.424 Thread 0x000000001859c800 Uncommon trap: reason=class_check action=maybe_recompile pc=0x000000000369eb18 method=java.util.HashMap.putVal(ILjava/lang/Object;Ljava/lang/Object;ZZ)Ljava/lang/Object; @ 203
Event: 3.498 Thread 0x00000000183cd800 Uncommon trap: reason=unstable_if action=reinterpret pc=0x00000000036a14b8 method=java.lang.ThreadLocal$ThreadLocalMap.getEntry(Ljava/lang/ThreadLocal;)Ljava/lang/ThreadLocal$ThreadLocalMap$Entry; @ 21
Event: 3.654 Thread 0x00000000183cd800 Uncommon trap: reason=unstable_if action=reinterpret pc=0x000000000369a390 method=java.util.HashMap.getNode(ILjava/lang/Object;)Ljava/util/HashMap$Node; @ 129
Event: 3.654 Thread 0x00000000183cd800 Uncommon trap: reason=class_check action=maybe_recompile pc=0x000000000369eb18 method=java.util.HashMap.putVal(ILjava/lang/Object;Ljava/lang/Object;ZZ)Ljava/lang/Object; @ 203

Internal exceptions (10 events):
Event: 2.387 Thread 0x000000001859c800 Exception <a 'java/lang/ArrayIndexOutOfBoundsException': 114> (0x00000000ec0eea68) thrown at [D:\re\workspace\8-2-build-windows-amd64-cygwin\jdk8u40\2855\hotspot\src\share\vm\interpreter\interpreterRuntime.cpp, line 366]
Event: 2.387 Thread 0x00000000183cd800 Exception <a 'java/lang/ArrayIndexOutOfBoundsException': 114> (0x00000000ec0d8728) thrown at [D:\re\workspace\8-2-build-windows-amd64-cygwin\jdk8u40\2855\hotspot\src\share\vm\interpreter\interpreterRuntime.cpp, line 366]
Event: 2.404 Thread 0x000000001859c800 Exception <a 'java/lang/ArrayIndexOutOfBoundsException': 114> (0x00000000eb122990) thrown at [D:\re\workspace\8-2-build-windows-amd64-cygwin\jdk8u40\2855\hotspot\src\share\vm\interpreter\interpreterRuntime.cpp, line 366]
Event: 2.404 Thread 0x00000000183cd800 Exception <a 'java/lang/ArrayIndexOutOfBoundsException': 114> (0x00000000eb10e7f0) thrown at [D:\re\workspace\8-2-build-windows-amd64-cygwin\jdk8u40\2855\hotspot\src\share\vm\interpreter\interpreterRuntime.cpp, line 366]
Event: 2.406 Thread 0x00000000183cd800 Exception <a 'java/lang/ArrayIndexOutOfBoundsException': 108> (0x00000000eb13e0e8) thrown at [D:\re\workspace\8-2-build-windows-amd64-cygwin\jdk8u40\2855\hotspot\src\share\vm\interpreter\interpreterRuntime.cpp, line 366]
Event: 2.497 Thread 0x00000000183cd800 Implicit null exception at 0x00000000036a4a58 to 0x00000000036a4ae6
Event: 2.687 Thread 0x00000000183cd800 Exception <a 'java/lang/NoSuchMethodError': java.lang.Object.lambda$chars$1()Ljava/util/Spliterator$OfInt;> (0x00000000eb505180) thrown at [D:\re\workspace\8-2-build-windows-amd64-cygwin\jdk8u40\2855\hotspot\src\share\vm\interpreter\linkResolver.cpp, line ÌN+,4@
Event: 2.775 Thread 0x000000001859c800 Implicit null exception at 0x00000000036a8e74 to 0x00000000036a8ef5
Event: 3.497 Thread 0x00000000183cd800 Implicit null exception at 0x00000000036a1430 to 0x00000000036a149d
Event: 3.969 Thread 0x00000000183cd800 Exception <a 'java/lang/NoClassDefFoundError': org/springframework/jdbc/CannotGetJdbcConnectionException> (0x00000000eb72db58) thrown at [D:\re\workspace\8-2-build-windows-amd64-cygwin\jdk8u40\2855\hotspot\src\share\vm\classfile\systemDictionary.cpp, line 

Events (10 events):
Event: 3.970 loading class org/springframework/boot/autoconfigure/session/NonUniqueSessionRepositoryException
Event: 3.970 loading class org/springframework/boot/autoconfigure/session/NonUniqueSessionRepositoryException done
Event: 3.973 loading class org/springframework/core/type/classreading/CachingMetadataReaderFactory$LocalResourceCache
Event: 3.973 loading class org/springframework/core/type/classreading/CachingMetadataReaderFactory$LocalResourceCache done
Event: 3.974 loading class org/springframework/boot/autoconfigure/condition/ConditionEvaluationReport
Event: 3.974 loading class org/springframework/boot/autoconfigure/condition/ConditionEvaluationReport done
Event: 3.976 loading class org/springframework/context/annotation/Condition
Event: 3.976 loading class org/springframework/context/annotation/Condition done
Event: 3.977 loading class org/springframework/boot/autoconfigure/condition/ConditionEvaluationReport$AncestorsMatchedCondition
Event: 3.977 loading class org/springframework/boot/autoconfigure/condition/ConditionEvaluationReport$AncestorsMatchedCondition done


Dynamic libraries:
0x00007ff7f5500000 - 0x00007ff7f5537000 	C:\Program Files\Java\jdk1.8.0_40\bin\javaw.exe
0x00007ffd8cd40000 - 0x00007ffd8cf21000 	C:\WINDOWS\SYSTEM32\ntdll.dll
0x00007ffd8a340000 - 0x00007ffd8a3f1000 	C:\WINDOWS\System32\KERNEL32.DLL
0x00007ffd89170000 - 0x00007ffd893e3000 	C:\WINDOWS\System32\KERNELBASE.dll
0x00007ffd8a290000 - 0x00007ffd8a331000 	C:\WINDOWS\System32\ADVAPI32.dll
0x00007ffd8bfd0000 - 0x00007ffd8c06e000 	C:\WINDOWS\System32\msvcrt.dll
0x00007ffd8a1d0000 - 0x00007ffd8a22b000 	C:\WINDOWS\System32\sechost.dll
0x00007ffd8c210000 - 0x00007ffd8c334000 	C:\WINDOWS\System32\RPCRT4.dll
0x00007ffd8c600000 - 0x00007ffd8c790000 	C:\WINDOWS\System32\USER32.dll
0x00007ffd8a0e0000 - 0x00007ffd8a100000 	C:\WINDOWS\System32\win32u.dll
0x00007ffd8c5d0000 - 0x00007ffd8c5f8000 	C:\WINDOWS\System32\GDI32.dll
0x00007ffd89730000 - 0x00007ffd898c2000 	C:\WINDOWS\System32\gdi32full.dll
0x00007ffd894a0000 - 0x00007ffd8953f000 	C:\WINDOWS\System32\msvcp_win.dll
0x00007ffd89fe0000 - 0x00007ffd8a0d8000 	C:\WINDOWS\System32\ucrtbase.dll
0x00007ffd80880000 - 0x00007ffd80ae9000 	C:\WINDOWS\WinSxS\amd64_microsoft.windows.common-controls_6595b64144ccf1df_6.0.17134.706_none_fb43a2cb30647007\COMCTL32.dll
0x00007ffd8c840000 - 0x00007ffd8cb62000 	C:\WINDOWS\System32\combase.dll
0x00007ffd8a100000 - 0x00007ffd8a17a000 	C:\WINDOWS\System32\bcryptPrimitives.dll
0x00007ffd8c350000 - 0x00007ffd8c37d000 	C:\WINDOWS\System32\IMM32.DLL
0x0000000055f00000 - 0x0000000055fd2000 	C:\Program Files\Java\jdk1.8.0_40\jre\bin\msvcr100.dll
0x00000000561d0000 - 0x0000000056a53000 	C:\Program Files\Java\jdk1.8.0_40\jre\bin\server\jvm.dll
0x00007ffd8bef0000 - 0x00007ffd8bef8000 	C:\WINDOWS\System32\PSAPI.DLL
0x00007ffd87c90000 - 0x00007ffd87c99000 	C:\WINDOWS\SYSTEM32\WSOCK32.dll
0x00007ffd7e6c0000 - 0x00007ffd7e6e3000 	C:\WINDOWS\SYSTEM32\WINMM.dll
0x00007ffd81a20000 - 0x00007ffd81a2a000 	C:\WINDOWS\SYSTEM32\VERSION.dll
0x00007ffd8bf00000 - 0x00007ffd8bf6c000 	C:\WINDOWS\System32\WS2_32.dll
0x00007ffd7e4b0000 - 0x00007ffd7e4da000 	C:\WINDOWS\SYSTEM32\WINMMBASE.dll
0x00007ffd8a180000 - 0x00007ffd8a1c9000 	C:\WINDOWS\System32\cfgmgr32.dll
0x00000000560e0000 - 0x00000000560ef000 	C:\Program Files\Java\jdk1.8.0_40\jre\bin\verify.dll
0x00000000560b0000 - 0x00000000560d9000 	C:\Program Files\Java\jdk1.8.0_40\jre\bin\java.dll
0x0000000056060000 - 0x0000000056076000 	C:\Program Files\Java\jdk1.8.0_40\jre\bin\zip.dll
0x00007ffd8a850000 - 0x00007ffd8bc90000 	C:\WINDOWS\System32\SHELL32.dll
0x00007ffd8c790000 - 0x00007ffd8c839000 	C:\WINDOWS\System32\shcore.dll
0x00007ffd898d0000 - 0x00007ffd89fdd000 	C:\WINDOWS\System32\windows.storage.dll
0x00007ffd8bf70000 - 0x00007ffd8bfc1000 	C:\WINDOWS\System32\shlwapi.dll
0x00007ffd89070000 - 0x00007ffd89081000 	C:\WINDOWS\System32\kernel.appcore.dll
0x00007ffd890f0000 - 0x00007ffd8910f000 	C:\WINDOWS\System32\profapi.dll
0x00007ffd890a0000 - 0x00007ffd890ec000 	C:\WINDOWS\System32\powrprof.dll
0x00007ffd89090000 - 0x00007ffd8909a000 	C:\WINDOWS\System32\FLTLIB.DLL
0x0000000056040000 - 0x000000005605a000 	C:\Program Files\Java\jdk1.8.0_40\jre\bin\net.dll
0x00007ffd88870000 - 0x00007ffd888d6000 	C:\WINDOWS\system32\mswsock.dll
0x00007ffd885f0000 - 0x00007ffd88628000 	C:\WINDOWS\SYSTEM32\IPHLPAPI.DLL
0x00007ffd8c340000 - 0x00007ffd8c348000 	C:\WINDOWS\System32\NSI.dll
0x00007ffd82c40000 - 0x00007ffd82c56000 	C:\WINDOWS\SYSTEM32\dhcpcsvc6.DLL
0x00007ffd823c0000 - 0x00007ffd823da000 	C:\WINDOWS\SYSTEM32\dhcpcsvc.DLL
0x00007ffd88630000 - 0x00007ffd886ee000 	C:\WINDOWS\SYSTEM32\DNSAPI.dll
0x00007ffd80090000 - 0x00007ffd8009a000 	C:\Windows\System32\rasadhlp.dll
0x00007ffd80800000 - 0x00007ffd80872000 	C:\WINDOWS\System32\fwpuclnt.dll
0x00007ffd88bb0000 - 0x00007ffd88bd5000 	C:\WINDOWS\SYSTEM32\bcrypt.dll
0x0000000055fe0000 - 0x0000000055fed000 	C:\Program Files\Java\jdk1.8.0_40\jre\bin\management.dll
0x00007ffd84320000 - 0x00007ffd84336000 	C:\WINDOWS\system32\napinsp.dll
0x00007ffd84300000 - 0x00007ffd8431a000 	C:\WINDOWS\system32\pnrpnsp.dll
0x00007ffd83d70000 - 0x00007ffd83d89000 	C:\WINDOWS\system32\NLAapi.dll
0x00007ffd84fe0000 - 0x00007ffd84fee000 	C:\WINDOWS\System32\winrnr.dll
0x00007ffd87a70000 - 0x00007ffd87c39000 	C:\WINDOWS\SYSTEM32\dbghelp.dll

VM Arguments:
jvm_args: -Dfile.encoding=UTF-8 
java_command: com.srikanth.microservices.netflixzuulapigatewayserver.NetflixZuulApiGatewayServerApplication
java_class_path (initial): C:\Program Files\Java\jdk1.8.0_40\jre\lib\resources.jar;C:\Program Files\Java\jdk1.8.0_40\jre\lib\rt.jar;C:\Program Files\Java\jdk1.8.0_40\jre\lib\jsse.jar;C:\Program Files\Java\jdk1.8.0_40\jre\lib\jce.jar;C:\Program Files\Java\jdk1.8.0_40\jre\lib\charsets.jar;C:\Program Files\Java\jdk1.8.0_40\jre\lib\jfr.jar;C:\Program Files\Java\jdk1.8.0_40\jre\lib\ext\access-bridge-64.jar;C:\Program Files\Java\jdk1.8.0_40\jre\lib\ext\cldrdata.jar;C:\Program Files\Java\jdk1.8.0_40\jre\lib\ext\dnsns.jar;C:\Program Files\Java\jdk1.8.0_40\jre\lib\ext\jaccess.jar;C:\Program Files\Java\jdk1.8.0_40\jre\lib\ext\jfxrt.jar;C:\Program Files\Java\jdk1.8.0_40\jre\lib\ext\localedata.jar;C:\Program Files\Java\jdk1.8.0_40\jre\lib\ext\nashorn.jar;C:\Program Files\Java\jdk1.8.0_40\jre\lib\ext\sunec.jar;C:\Program Files\Java\jdk1.8.0_40\jre\lib\ext\sunjce_provider.jar;C:\Program Files\Java\jdk1.8.0_40\jre\lib\ext\sunmscapi.jar;C:\Program Files\Java\jdk1.8.0_40\jre\lib\ext\sunpkcs11.jar;C:\Program Files\Java\jdk1.8.0_40\jre\lib\ext\zipfs.jar;H:\Prep\netflix-zuul-api-gateway-server\target\classes;C:\Users\welcome\.m2\repository\org\springframework\boot\spring-boot-starter-actuator\2.1.4.RELEASE\spring-boot-starter-actuator-2.1.4.RELEASE.jar;C:\Users\welcome\.m2\repository\org\springframework\boot\spring-boot-starter\2.1.4.RELEASE\spring-boot-starter-2.1.4.RELEASE.jar;C:\Users\welcome\.m2\repository\org\springframework\boot\spring-boot-starter-logging\2.1.4.RELEASE\spring-boot-starter-logging-2.1.4.RELEASE.jar;C:\Users\welcome\.m2\repository\ch\qos\logback\logback-classic\1.2.3\logback-classic-1.2.3.jar;C:\Users\welcome\.m2\repository\ch\qos\logback\logback-core\1.2.3\logback-core-1.2.3.jar;C:\Users\welcome\.m2\repository\org\apache\logging\log4j\log4j-to-slf4j\2.11.2\log4j-to-slf4j-2.11.2.jar;C:\Users\welcome\.m2\repository\org\apache\logging\log4j\log4j-api\2.11.2\log4j-api-2.11.2.jar;C:\Users\welcome\.m2\repository\org\slf4j\jul-to-slf4j\1.7.26\jul-to-slf4j-1.7.26.jar;C
Launcher Type: SUN_STANDARD

Environment Variables:
JAVA_HOME=C:\Program Files\Java\jdk1.8.0_40
JRE_HOME=C:\Program Files\Java\jre1.8.0_40
PATH=C:/Program Files/Java/jdk1.8.0_40/bin/../jre/bin/server;C:/Program Files/Java/jdk1.8.0_40/bin/../jre/bin;C:/Program Files/Java/jdk1.8.0_40/bin/../jre/lib/amd64;C:\Program Files\apache-maven-3.5.0\bin;C:\Program Files (x86)\Skype\Phone\;C:\Program Files\Java\jdk1.8.0_40\bin;C:\Program Files\Java\jre1.8.0_40\bin;C:\Program Files\Git\cmd;C:\Program Files (x86)\Brackets\command;C:\WINDOWS\system32;C:\WINDOWS;C:\WINDOWS\System32\Wbem;C:\WINDOWS\System32\WindowsPowerShell\v1.0\;C:\Program Files\nodejs\;;C:\WINDOWS\System32\OpenSSH\;C:\Program Files\Microsoft SQL Server\Client SDK\ODBC\130\Tools\Binn\;C:\Program Files (x86)\Microsoft SQL Server\140\Tools\Binn\;C:\Program Files\Microsoft SQL Server\140\Tools\Binn\;C:\Program Files\Microsoft SQL Server\140\DTS\Binn\;C:\Program Files (x86)\Microsoft SQL Server\Client SDK\ODBC\130\Tools\Binn\;C:\Program Files (x86)\Microsoft SQL Server\140\DTS\Binn\;C:\Program Files (x86)\Microsoft SQL Server\140\Tools\Binn\ManagementStudio\;C:\Program Files\Java\jdk1.8.0_40;C:\Users\welcome\AppData\Local\Microsoft\WindowsApps;C:\Users\welcome\AppData\Roaming\npm;;H:\eclipse;
USERNAME=SreekanthReddy
OS=Windows_NT
PROCESSOR_IDENTIFIER=Intel64 Family 6 Model 61 Stepping 4, GenuineIntel



---------------  S Y S T E M  ---------------

OS: Windows 10.0 , 64 bit Build 17134 (10.0.17134.706)

CPU:total 4 (2 cores per cpu, 2 threads per core) family 6 model 61 stepping 4, cmov, cx8, fxsr, mmx, sse, sse2, sse3, ssse3, sse4.1, sse4.2, popcnt, clmul, erms, 3dnowpref, lzcnt, ht, tsc, tscinvbit

Memory: 4k page, physical 4113068k(417208k free), swap 6161068k(4096k free)

vm_info: Java HotSpot(TM) 64-Bit Server VM (25.40-b25) for windows-amd64 JRE (1.8.0_40-b25), built on Feb 10 2015 21:53:57 by "java_re" with MS VC++ 10.0 (VS2010)

time: Sun Apr 14 21:51:39 2019
elapsed time: 4 seconds (0d 0h 0m 4s)

