#
# There is insufficient memory for the Java Runtime Environment to continue.
# Native memory allocation (malloc) failed to allocate 131216 bytes for Chunk::new
# Possible reasons:
#   The system is out of physical RAM or swap space
#   In 32 bit mode, the process size limit was hit
# Possible solutions:
#   Reduce memory load on the system
#   Increase physical memory or swap space
#   Check if swap backing store is full
#   Use 64 bit Java on a 64 bit OS
#   Decrease Java heap size (-Xmx/-Xms)
#   Decrease number of Java threads
#   Decrease Java thread stack sizes (-Xss)
#   Set larger code cache with -XX:ReservedCodeCacheSize=
# This output file may be truncated or incomplete.
#
#  Out of Memory Error (allocation.cpp:390), pid=2240, tid=7916
#
# JRE version: Java(TM) SE Runtime Environment (8.0_40-b25) (build 1.8.0_40-b25)
# Java VM: Java HotSpot(TM) 64-Bit Server VM (25.40-b25 mixed mode windows-amd64 compressed oops)
# Failed to write core dump. Minidumps are not enabled by default on client versions of Windows
#

---------------  T H R E A D  ---------------

Current thread (0x000000001594b800):  JavaThread "C2 CompilerThread1" daemon [_thread_in_native, id=7916, stack(0x0000000016f90000,0x0000000017090000)]

Stack: [0x0000000016f90000,0x0000000017090000]
Native frames: (J=compiled Java code, j=interpreted, Vv=VM code, C=native code)
V  [jvm.dll+0x32b47a]
V  [jvm.dll+0x2797f3]
V  [jvm.dll+0x27a489]
V  [jvm.dll+0x2717a5]
V  [jvm.dll+0xcb9a2]
V  [jvm.dll+0xcbe6c]
V  [jvm.dll+0x464332]
V  [jvm.dll+0x47ffc7]
V  [jvm.dll+0x481ed9]
V  [jvm.dll+0x482daa]
V  [jvm.dll+0x46a65c]
V  [jvm.dll+0x46cd52]
V  [jvm.dll+0x4500d2]
V  [jvm.dll+0xa4312]
V  [jvm.dll+0xa4c4f]
V  [jvm.dll+0x241914]
V  [jvm.dll+0x29848a]
C  [msvcr100.dll+0x21d9f]
C  [msvcr100.dll+0x21e3b]
C  [KERNEL32.DLL+0x14034]
C  [ntdll.dll+0x73691]


Current CompileTask:
C2:   4466 2003       4       java.net.URLClassLoader$1::run (5 bytes)


---------------  P R O C E S S  ---------------

Java Threads: ( => current thread )
  0x0000000018cff800 JavaThread "spring.cloud.inetutils" daemon [_thread_in_vm, id=10796, stack(0x000000001ba00000,0x000000001bb00000)]
  0x0000000018b9c800 JavaThread "restartedMain" [_thread_blocked, id=2384, stack(0x00000000191a0000,0x00000000192a0000)]
  0x0000000018b9c000 JavaThread "Thread-0" [_thread_blocked, id=10472, stack(0x00000000190a0000,0x00000000191a0000)]
  0x000000001599d800 JavaThread "Service Thread" daemon [_thread_blocked, id=10128, stack(0x0000000017590000,0x0000000017690000)]
  0x0000000015952800 JavaThread "C1 CompilerThread2" daemon [_thread_blocked, id=11640, stack(0x0000000017090000,0x0000000017190000)]
=>0x000000001594b800 JavaThread "C2 CompilerThread1" daemon [_thread_in_native, id=7916, stack(0x0000000016f90000,0x0000000017090000)]
  0x0000000015944000 JavaThread "C2 CompilerThread0" daemon [_thread_blocked, id=11652, stack(0x0000000016e90000,0x0000000016f90000)]
  0x0000000015940800 JavaThread "Attach Listener" daemon [_thread_blocked, id=9796, stack(0x0000000016d90000,0x0000000016e90000)]
  0x000000001593f800 JavaThread "Signal Dispatcher" daemon [_thread_blocked, id=7312, stack(0x0000000016c90000,0x0000000016d90000)]
  0x000000001590a000 JavaThread "Finalizer" daemon [_thread_blocked, id=10300, stack(0x0000000016b90000,0x0000000016c90000)]
  0x0000000003315800 JavaThread "Reference Handler" daemon [_thread_blocked, id=10112, stack(0x0000000016a90000,0x0000000016b90000)]
  0x0000000003228000 JavaThread "main" [_thread_blocked, id=1040, stack(0x0000000003120000,0x0000000003220000)]

Other Threads:
  0x0000000015907000 VMThread [stack: 0x0000000016990000,0x0000000016a90000] [id=9364]
  0x00000000171c2800 WatcherThread [stack: 0x0000000017690000,0x0000000017790000] [id=9052]

VM state:not at safepoint (normal execution)

VM Mutex/Monitor currently owned by a thread: None

Heap:
 PSYoungGen      total 71168K, used 35384K [0x00000000eb100000, 0x00000000efd00000, 0x0000000100000000)
  eden space 65024K, 54% used [0x00000000eb100000,0x00000000ed38e168,0x00000000ef080000)
  from space 6144K, 0% used [0x00000000ef080000,0x00000000ef080000,0x00000000ef680000)
  to   space 5632K, 0% used [0x00000000ef680000,0x00000000ef680000,0x00000000efc00000)
 ParOldGen       total 39424K, used 12520K [0x00000000c1200000, 0x00000000c3880000, 0x00000000eb100000)
  object space 39424K, 31% used [0x00000000c1200000,0x00000000c1e3a100,0x00000000c3880000)
 Metaspace       used 24181K, capacity 24972K, committed 25136K, reserved 1071104K
  class space    used 3124K, capacity 3346K, committed 3376K, reserved 1048576K

Card table byte_map: [0x00000000126e0000,0x00000000128e0000] byte_map_base: 0x00000000120d7000

Marking Bits: (ParMarkBitMap*) 0x00000000569d4040
 Begin Bits: [0x0000000012e30000, 0x0000000013de8000)
 End Bits:   [0x0000000013de8000, 0x0000000014da0000)

Polling page: 0x0000000002f10000

CodeCache: size=245760Kb used=7115Kb max_used=7130Kb free=238644Kb
 bounds [0x0000000003320000, 0x0000000003a20000, 0x0000000012320000]
 total_blobs=2499 nmethods=2120 adapters=292
 compilation: enabled

Compilation events (10 events):
Event: 4.083 Thread 0x0000000015952800 nmethod 2119 0x0000000003a12410 code [0x0000000003a12560, 0x0000000003a12710]
Event: 4.083 Thread 0x0000000015952800 2120       3       java.util.stream.MatchOps$MatchOp::<init> (20 bytes)
Event: 4.083 Thread 0x0000000015952800 nmethod 2120 0x0000000003a12790 code [0x0000000003a128e0, 0x0000000003a12ad0]
Event: 4.083 Thread 0x0000000015952800 2121       3       java.util.stream.MatchOps$MatchOp::getOpFlags (8 bytes)
Event: 4.083 Thread 0x0000000015952800 nmethod 2121 0x0000000003a12b90 code [0x0000000003a12ce0, 0x0000000003a12e30]
Event: 4.083 Thread 0x0000000015952800 2122       3       java.util.stream.IntPipeline::adapt (37 bytes)
Event: 4.084 Thread 0x0000000015952800 nmethod 2122 0x0000000003a12e90 code [0x0000000003a13040, 0x0000000003a136b8]
Event: 4.088 Thread 0x0000000015944000 nmethod 2095 0x0000000003a17350 code [0x0000000003a17560, 0x0000000003a18440]
Event: 4.088 Thread 0x0000000015944000 2100       4       java.util.concurrent.CopyOnWriteArrayList$COWIterator::hasNext (18 bytes)
Event: 4.089 Thread 0x0000000015944000 nmethod 2100 0x00000000039ff9d0 code [0x00000000039ffb00, 0x00000000039ffb78]

GC Heap History (10 events):
Event: 1.774 GC heap before
{Heap before GC invocations=4 (full 0):
 PSYoungGen      total 18944K, used 18916K [0x00000000eb100000, 0x00000000ed600000, 0x0000000100000000)
  eden space 16384K, 100% used [0x00000000eb100000,0x00000000ec100000,0x00000000ec100000)
  from space 2560K, 98% used [0x00000000ec100000,0x00000000ec379020,0x00000000ec380000)
  to   space 2560K, 0% used [0x00000000ed380000,0x00000000ed380000,0x00000000ed600000)
 ParOldGen       total 44032K, used 4637K [0x00000000c1200000, 0x00000000c3d00000, 0x00000000eb100000)
  object space 44032K, 10% used [0x00000000c1200000,0x00000000c1687718,0x00000000c3d00000)
 Metaspace       used 10356K, capacity 10634K, committed 10880K, reserved 1058816K
  class space    used 1192K, capacity 1284K, committed 1408K, reserved 1048576K
Event: 1.781 GC heap after
Heap after GC invocations=4 (full 0):
 PSYoungGen      total 35328K, used 2532K [0x00000000eb100000, 0x00000000ed600000, 0x0000000100000000)
  eden space 32768K, 0% used [0x00000000eb100000,0x00000000eb100000,0x00000000ed100000)
  from space 2560K, 98% used [0x00000000ed380000,0x00000000ed5f9040,0x00000000ed600000)
  to   space 2560K, 0% used [0x00000000ed100000,0x00000000ed100000,0x00000000ed380000)
 ParOldGen       total 44032K, used 6223K [0x00000000c1200000, 0x00000000c3d00000, 0x00000000eb100000)
  object space 44032K, 14% used [0x00000000c1200000,0x00000000c1813ca8,0x00000000c3d00000)
 Metaspace       used 10356K, capacity 10634K, committed 10880K, reserved 1058816K
  class space    used 1192K, capacity 1284K, committed 1408K, reserved 1048576K
}
Event: 2.222 GC heap before
{Heap before GC invocations=5 (full 0):
 PSYoungGen      total 35328K, used 35300K [0x00000000eb100000, 0x00000000ed600000, 0x0000000100000000)
  eden space 32768K, 100% used [0x00000000eb100000,0x00000000ed100000,0x00000000ed100000)
  from space 2560K, 98% used [0x00000000ed380000,0x00000000ed5f9040,0x00000000ed600000)
  to   space 2560K, 0% used [0x00000000ed100000,0x00000000ed100000,0x00000000ed380000)
 ParOldGen       total 44032K, used 6223K [0x00000000c1200000, 0x00000000c3d00000, 0x00000000eb100000)
  object space 44032K, 14% used [0x00000000c1200000,0x00000000c1813ca8,0x00000000c3d00000)
 Metaspace       used 12353K, capacity 12696K, committed 13056K, reserved 1060864K
  class space    used 1554K, capacity 1666K, committed 1792K, reserved 1048576K
Event: 2.230 GC heap after
Heap after GC invocations=5 (full 0):
 PSYoungGen      total 35328K, used 2532K [0x00000000eb100000, 0x00000000efc00000, 0x0000000100000000)
  eden space 32768K, 0% used [0x00000000eb100000,0x00000000eb100000,0x00000000ed100000)
  from space 2560K, 98% used [0x00000000ed100000,0x00000000ed379020,0x00000000ed380000)
  to   space 5632K, 0% used [0x00000000ef680000,0x00000000ef680000,0x00000000efc00000)
 ParOldGen       total 44032K, used 8139K [0x00000000c1200000, 0x00000000c3d00000, 0x00000000eb100000)
  object space 44032K, 18% used [0x00000000c1200000,0x00000000c19f2f10,0x00000000c3d00000)
 Metaspace       used 12353K, capacity 12696K, committed 13056K, reserved 1060864K
  class space    used 1554K, capacity 1666K, committed 1792K, reserved 1048576K
}
Event: 2.593 GC heap before
{Heap before GC invocations=6 (full 0):
 PSYoungGen      total 35328K, used 35300K [0x00000000eb100000, 0x00000000efc00000, 0x0000000100000000)
  eden space 32768K, 100% used [0x00000000eb100000,0x00000000ed100000,0x00000000ed100000)
  from space 2560K, 98% used [0x00000000ed100000,0x00000000ed379020,0x00000000ed380000)
  to   space 5632K, 0% used [0x00000000ef680000,0x00000000ef680000,0x00000000efc00000)
 ParOldGen       total 44032K, used 8139K [0x00000000c1200000, 0x00000000c3d00000, 0x00000000eb100000)
  object space 44032K, 18% used [0x00000000c1200000,0x00000000c19f2f10,0x00000000c3d00000)
 Metaspace       used 14955K, capacity 15402K, committed 15744K, reserved 1062912K
  class space    used 1925K, capacity 2061K, committed 2176K, reserved 1048576K
Event: 2.609 GC heap after
Heap after GC invocations=6 (full 0):
 PSYoungGen      total 70656K, used 5247K [0x00000000eb100000, 0x00000000efd00000, 0x0000000100000000)
  eden space 65024K, 0% used [0x00000000eb100000,0x00000000eb100000,0x00000000ef080000)
  from space 5632K, 93% used [0x00000000ef680000,0x00000000efb9fe28,0x00000000efc00000)
  to   space 6144K, 0% used [0x00000000ef080000,0x00000000ef080000,0x00000000ef680000)
 ParOldGen       total 44032K, used 8147K [0x00000000c1200000, 0x00000000c3d00000, 0x00000000eb100000)
  object space 44032K, 18% used [0x00000000c1200000,0x00000000c19f4f10,0x00000000c3d00000)
 Metaspace       used 14955K, capacity 15402K, committed 15744K, reserved 1062912K
  class space    used 1925K, capacity 2061K, committed 2176K, reserved 1048576K
}
Event: 3.220 GC heap before
{Heap before GC invocations=7 (full 0):
 PSYoungGen      total 70656K, used 48749K [0x00000000eb100000, 0x00000000efd00000, 0x0000000100000000)
  eden space 65024K, 66% used [0x00000000eb100000,0x00000000edb7b890,0x00000000ef080000)
  from space 5632K, 93% used [0x00000000ef680000,0x00000000efb9fe28,0x00000000efc00000)
  to   space 6144K, 0% used [0x00000000ef080000,0x00000000ef080000,0x00000000ef680000)
 ParOldGen       total 44032K, used 8147K [0x00000000c1200000, 0x00000000c3d00000, 0x00000000eb100000)
  object space 44032K, 18% used [0x00000000c1200000,0x00000000c19f4f10,0x00000000c3d00000)
 Metaspace       used 20684K, capacity 21188K, committed 21296K, reserved 1067008K
  class space    used 2664K, capacity 2818K, committed 2864K, reserved 1048576K
Event: 3.237 GC heap after
Heap after GC invocations=7 (full 0):
 PSYoungGen      total 71168K, used 6143K [0x00000000eb100000, 0x00000000efd00000, 0x0000000100000000)
  eden space 65024K, 0% used [0x00000000eb100000,0x00000000eb100000,0x00000000ef080000)
  from space 6144K, 99% used [0x00000000ef080000,0x00000000ef67fde0,0x00000000ef680000)
  to   space 5632K, 0% used [0x00000000ef680000,0x00000000ef680000,0x00000000efc00000)
 ParOldGen       total 44032K, used 11068K [0x00000000c1200000, 0x00000000c3d00000, 0x00000000eb100000)
  object space 44032K, 25% used [0x00000000c1200000,0x00000000c1ccf378,0x00000000c3d00000)
 Metaspace       used 20684K, capacity 21188K, committed 21296K, reserved 1067008K
  class space    used 2664K, capacity 2818K, committed 2864K, reserved 1048576K
}
Event: 3.237 GC heap before
{Heap before GC invocations=8 (full 1):
 PSYoungGen      total 71168K, used 6143K [0x00000000eb100000, 0x00000000efd00000, 0x0000000100000000)
  eden space 65024K, 0% used [0x00000000eb100000,0x00000000eb100000,0x00000000ef080000)
  from space 6144K, 99% used [0x00000000ef080000,0x00000000ef67fde0,0x00000000ef680000)
  to   space 5632K, 0% used [0x00000000ef680000,0x00000000ef680000,0x00000000efc00000)
 ParOldGen       total 44032K, used 11068K [0x00000000c1200000, 0x00000000c3d00000, 0x00000000eb100000)
  object space 44032K, 25% used [0x00000000c1200000,0x00000000c1ccf378,0x00000000c3d00000)
 Metaspace       used 20684K, capacity 21188K, committed 21296K, reserved 1067008K
  class space    used 2664K, capacity 2818K, committed 2864K, reserved 1048576K
Event: 3.297 GC heap after
Heap after GC invocations=8 (full 1):
 PSYoungGen      total 71168K, used 0K [0x00000000eb100000, 0x00000000efd00000, 0x0000000100000000)
  eden space 65024K, 0% used [0x00000000eb100000,0x00000000eb100000,0x00000000ef080000)
  from space 6144K, 0% used [0x00000000ef080000,0x00000000ef080000,0x00000000ef680000)
  to   space 5632K, 0% used [0x00000000ef680000,0x00000000ef680000,0x00000000efc00000)
 ParOldGen       total 39424K, used 12520K [0x00000000c1200000, 0x00000000c3880000, 0x00000000eb100000)
  object space 39424K, 31% used [0x00000000c1200000,0x00000000c1e3a100,0x00000000c3880000)
 Metaspace       used 20682K, capacity 21182K, committed 21296K, reserved 1067008K
  class space    used 2664K, capacity 2817K, committed 2864K, reserved 1048576K
}

Deoptimization events (10 events):
Event: 2.757 Thread 0x0000000018592800 Uncommon trap: reason=unstable_if action=reinterpret pc=0x0000000003750268 method=java.util.concurrent.ConcurrentHashMap.addCount(JI)V @ 34
Event: 2.911 Thread 0x0000000018b9c800 Uncommon trap: reason=bimorphic action=maybe_recompile pc=0x00000000037b98f4 method=java.util.HashMap.putVal(ILjava/lang/Object;Ljava/lang/Object;ZZ)Ljava/lang/Object; @ 253
Event: 3.052 Thread 0x0000000018592800 Uncommon trap: reason=unstable_if action=reinterpret pc=0x00000000037f5c64 method=jdk.internal.org.objectweb.asm.Type.getArgumentsAndReturnSizes(Ljava/lang/String;)I @ 47
Event: 3.213 Thread 0x0000000018b9c800 Uncommon trap: reason=bimorphic action=maybe_recompile pc=0x00000000037b98f4 method=java.util.HashMap.putVal(ILjava/lang/Object;Ljava/lang/Object;ZZ)Ljava/lang/Object; @ 253
Event: 3.314 Thread 0x0000000018b9c800 Uncommon trap: reason=bimorphic action=maybe_recompile pc=0x00000000037b98f4 method=java.util.HashMap.putVal(ILjava/lang/Object;Ljava/lang/Object;ZZ)Ljava/lang/Object; @ 253
Event: 3.328 Thread 0x0000000018b9c800 Uncommon trap: reason=bimorphic action=maybe_recompile pc=0x00000000037b98f4 method=java.util.HashMap.putVal(ILjava/lang/Object;Ljava/lang/Object;ZZ)Ljava/lang/Object; @ 253
Event: 3.456 Thread 0x0000000018592800 Uncommon trap: reason=unstable_if action=reinterpret pc=0x00000000038b2ce4 method=com.sun.org.apache.xerces.internal.impl.XMLEntityScanner.scanLiteral(ILcom/sun/org/apache/xerces/internal/xni/XMLString;)I @ 563
Event: 3.550 Thread 0x0000000018592800 Uncommon trap: reason=unstable_if action=reinterpret pc=0x00000000038c5ef0 method=com.sun.org.apache.xerces.internal.impl.XMLEntityScanner.skipSpaces()Z @ 115
Event: 3.631 Thread 0x0000000018592800 Uncommon trap: reason=unstable_if action=reinterpret pc=0x0000000003922be0 method=com.sun.org.apache.xerces.internal.util.SymbolTable.addSymbol([CII)Ljava/lang/String; @ 39
Event: 4.064 Thread 0x0000000018b9c800 Uncommon trap: reason=unstable_if action=reinterpret pc=0x00000000036b1614 method=org.springframework.util.ConcurrentReferenceHashMap$Segment.clear()V @ 4

Internal exceptions (10 events):
Event: 3.096 Thread 0x0000000018b9c800 Exception <a 'java/lang/ClassNotFoundException': org/springframework/beans/factory/support/BeanDefinitionRegistryPostProcessorCustomizer> (0x00000000ed2901e0) thrown at [D:\re\workspace\8-2-build-windows-amd64-cygwin\jdk8u40\2855\hotspot\src\share\vm\class
Event: 3.097 Thread 0x0000000018b9c800 Exception <a 'java/lang/ClassNotFoundException': org/springframework/beans/factory/config/BeanFactoryPostProcessorCustomizer> (0x00000000ed37dcb8) thrown at [D:\re\workspace\8-2-build-windows-amd64-cygwin\jdk8u40\2855\hotspot\src\share\vm\classfile\systemDwVÏm…@
Event: 3.098 Thread 0x0000000018b9c800 Exception <a 'java/lang/ClassNotFoundException': org/springframework/core/PriorityOrderedCustomizer> (0x00000000ed39b8a8) thrown at [D:\re\workspace\8-2-build-windows-amd64-cygwin\jdk8u40\2855\hotspot\src\share\vm\classfile\systemDictionary.cpp, line 210]
Event: 3.099 Thread 0x0000000018b9c800 Exception <a 'java/lang/ClassNotFoundException': org/springframework/core/OrderedCustomizer> (0x00000000ed3b52b0) thrown at [D:\re\workspace\8-2-build-windows-amd64-cygwin\jdk8u40\2855\hotspot\src\share\vm\classfile\systemDictionary.cpp, line 210]
Event: 3.101 Thread 0x0000000018b9c800 Exception <a 'java/lang/ClassNotFoundException': org/springframework/context/ResourceLoaderAwareCustomizer> (0x00000000ed3d6088) thrown at [D:\re\workspace\8-2-build-windows-amd64-cygwin\jdk8u40\2855\hotspot\src\share\vm\classfile\systemDictionary.cpp, lin∑Û»Tç“@
Event: 3.103 Thread 0x0000000018b9c800 Exception <a 'java/lang/ClassNotFoundException': org/springframework/beans/factory/AwareCustomizer> (0x00000000ed3f3f70) thrown at [D:\re\workspace\8-2-build-windows-amd64-cygwin\jdk8u40\2855\hotspot\src\share\vm\classfile\systemDictionary.cpp, line 210]
Event: 3.104 Thread 0x0000000018b9c800 Exception <a 'java/lang/ClassNotFoundException': org/springframework/beans/factory/BeanClassLoaderAwareCustomizer> (0x00000000ed417340) thrown at [D:\re\workspace\8-2-build-windows-amd64-cygwin\jdk8u40\2855\hotspot\src\share\vm\classfile\systemDictionary.cTC8E6ÿ@
Event: 3.106 Thread 0x0000000018b9c800 Exception <a 'java/lang/ClassNotFoundException': org/springframework/beans/factory/AwareCustomizer> (0x00000000ed4351a8) thrown at [D:\re\workspace\8-2-build-windows-amd64-cygwin\jdk8u40\2855\hotspot\src\share\vm\classfile\systemDictionary.cpp, line 210]
Event: 3.107 Thread 0x0000000018b9c800 Exception <a 'java/lang/ClassNotFoundException': org/springframework/context/EnvironmentAwareCustomizer> (0x00000000ed518988) thrown at [D:\re\workspace\8-2-build-windows-amd64-cygwin\jdk8u40\2855\hotspot\src\share\vm\classfile\systemDictionary.cpp, line 2¸0>éó›@
Event: 3.108 Thread 0x0000000018b9c800 Exception <a 'java/lang/ClassNotFoundException': org/springframework/beans/factory/AwareCustomizer> (0x00000000ed5366d0) thrown at [D:\re\workspace\8-2-build-windows-amd64-cygwin\jdk8u40\2855\hotspot\src\share\vm\classfile\systemDictionary.cpp, line 210]

Events (10 events):
Event: 4.073 loading class org/springframework/util/StopWatch$TaskInfo
Event: 4.073 loading class org/springframework/util/StopWatch$TaskInfo done
Event: 4.075 loading class org/springframework/cloud/bootstrap/BootstrapApplicationListener$AncestorInitializer
Event: 4.075 loading class org/springframework/cloud/bootstrap/BootstrapApplicationListener$AncestorInitializer done
Event: 4.077 loading class org/springframework/boot/env/OriginTrackedMapPropertySource
Event: 4.077 loading class org/springframework/boot/env/OriginTrackedMapPropertySource done
Event: 4.078 loading class org/springframework/cloud/bootstrap/BootstrapApplicationListener$CloseContextOnFailureApplicationListener
Event: 4.078 loading class org/springframework/cloud/bootstrap/BootstrapApplicationListener$CloseContextOnFailureApplicationListener done
Event: 4.079 loading class org/springframework/cloud/bootstrap/BootstrapApplicationListener$DelegatingEnvironmentDecryptApplicationInitializer
Event: 4.079 loading class org/springframework/cloud/bootstrap/BootstrapApplicationListener$DelegatingEnvironmentDecryptApplicationInitializer done


Dynamic libraries:
0x00007ff7f5500000 - 0x00007ff7f5537000 	C:\Program Files\Java\jdk1.8.0_40\bin\javaw.exe
0x00007ffd8cd40000 - 0x00007ffd8cf21000 	C:\WINDOWS\SYSTEM32\ntdll.dll
0x00007ffd8a340000 - 0x00007ffd8a3f1000 	C:\WINDOWS\System32\KERNEL32.DLL
0x00007ffd89170000 - 0x00007ffd893e3000 	C:\WINDOWS\System32\KERNELBASE.dll
0x00007ffd8a290000 - 0x00007ffd8a331000 	C:\WINDOWS\System32\ADVAPI32.dll
0x00007ffd8bfd0000 - 0x00007ffd8c06e000 	C:\WINDOWS\System32\msvcrt.dll
0x00007ffd8a1d0000 - 0x00007ffd8a22b000 	C:\WINDOWS\System32\sechost.dll
0x00007ffd8c210000 - 0x00007ffd8c334000 	C:\WINDOWS\System32\RPCRT4.dll
0x00007ffd8c600000 - 0x00007ffd8c790000 	C:\WINDOWS\System32\USER32.dll
0x00007ffd8a0e0000 - 0x00007ffd8a100000 	C:\WINDOWS\System32\win32u.dll
0x00007ffd8c5d0000 - 0x00007ffd8c5f8000 	C:\WINDOWS\System32\GDI32.dll
0x00007ffd89730000 - 0x00007ffd898c2000 	C:\WINDOWS\System32\gdi32full.dll
0x00007ffd894a0000 - 0x00007ffd8953f000 	C:\WINDOWS\System32\msvcp_win.dll
0x00007ffd89fe0000 - 0x00007ffd8a0d8000 	C:\WINDOWS\System32\ucrtbase.dll
0x00007ffd80880000 - 0x00007ffd80ae9000 	C:\WINDOWS\WinSxS\amd64_microsoft.windows.common-controls_6595b64144ccf1df_6.0.17134.706_none_fb43a2cb30647007\COMCTL32.dll
0x00007ffd8c840000 - 0x00007ffd8cb62000 	C:\WINDOWS\System32\combase.dll
0x00007ffd8a100000 - 0x00007ffd8a17a000 	C:\WINDOWS\System32\bcryptPrimitives.dll
0x00007ffd8c350000 - 0x00007ffd8c37d000 	C:\WINDOWS\System32\IMM32.DLL
0x0000000055f00000 - 0x0000000055fd2000 	C:\Program Files\Java\jdk1.8.0_40\jre\bin\msvcr100.dll
0x00000000561d0000 - 0x0000000056a53000 	C:\Program Files\Java\jdk1.8.0_40\jre\bin\server\jvm.dll
0x00007ffd8bef0000 - 0x00007ffd8bef8000 	C:\WINDOWS\System32\PSAPI.DLL
0x00007ffd7e6c0000 - 0x00007ffd7e6e3000 	C:\WINDOWS\SYSTEM32\WINMM.dll
0x00007ffd81a20000 - 0x00007ffd81a2a000 	C:\WINDOWS\SYSTEM32\VERSION.dll
0x00007ffd87c90000 - 0x00007ffd87c99000 	C:\WINDOWS\SYSTEM32\WSOCK32.dll
0x00007ffd8bf00000 - 0x00007ffd8bf6c000 	C:\WINDOWS\System32\WS2_32.dll
0x00007ffd7e4b0000 - 0x00007ffd7e4da000 	C:\WINDOWS\SYSTEM32\WINMMBASE.dll
0x00007ffd8a180000 - 0x00007ffd8a1c9000 	C:\WINDOWS\System32\cfgmgr32.dll
0x00000000560e0000 - 0x00000000560ef000 	C:\Program Files\Java\jdk1.8.0_40\jre\bin\verify.dll
0x00000000560b0000 - 0x00000000560d9000 	C:\Program Files\Java\jdk1.8.0_40\jre\bin\java.dll
0x0000000056060000 - 0x0000000056076000 	C:\Program Files\Java\jdk1.8.0_40\jre\bin\zip.dll
0x00007ffd8a850000 - 0x00007ffd8bc90000 	C:\WINDOWS\System32\SHELL32.dll
0x00007ffd8c790000 - 0x00007ffd8c839000 	C:\WINDOWS\System32\shcore.dll
0x00007ffd898d0000 - 0x00007ffd89fdd000 	C:\WINDOWS\System32\windows.storage.dll
0x00007ffd8bf70000 - 0x00007ffd8bfc1000 	C:\WINDOWS\System32\shlwapi.dll
0x00007ffd89070000 - 0x00007ffd89081000 	C:\WINDOWS\System32\kernel.appcore.dll
0x00007ffd890f0000 - 0x00007ffd8910f000 	C:\WINDOWS\System32\profapi.dll
0x00007ffd890a0000 - 0x00007ffd890ec000 	C:\WINDOWS\System32\powrprof.dll
0x00007ffd89090000 - 0x00007ffd8909a000 	C:\WINDOWS\System32\FLTLIB.DLL
0x0000000056040000 - 0x000000005605a000 	C:\Program Files\Java\jdk1.8.0_40\jre\bin\net.dll
0x00007ffd88870000 - 0x00007ffd888d6000 	C:\WINDOWS\system32\mswsock.dll
0x00007ffd885f0000 - 0x00007ffd88628000 	C:\WINDOWS\SYSTEM32\IPHLPAPI.DLL
0x00007ffd8c340000 - 0x00007ffd8c348000 	C:\WINDOWS\System32\NSI.dll
0x00007ffd82c40000 - 0x00007ffd82c56000 	C:\WINDOWS\SYSTEM32\dhcpcsvc6.DLL
0x00007ffd823c0000 - 0x00007ffd823da000 	C:\WINDOWS\SYSTEM32\dhcpcsvc.DLL
0x00007ffd88630000 - 0x00007ffd886ee000 	C:\WINDOWS\SYSTEM32\DNSAPI.dll
0x00007ffd80090000 - 0x00007ffd8009a000 	C:\Windows\System32\rasadhlp.dll
0x00007ffd80800000 - 0x00007ffd80872000 	C:\WINDOWS\System32\fwpuclnt.dll
0x00007ffd88bb0000 - 0x00007ffd88bd5000 	C:\WINDOWS\SYSTEM32\bcrypt.dll
0x0000000055fe0000 - 0x0000000055fed000 	C:\Program Files\Java\jdk1.8.0_40\jre\bin\management.dll
0x00007ffd84320000 - 0x00007ffd84336000 	C:\WINDOWS\system32\napinsp.dll
0x00007ffd84300000 - 0x00007ffd8431a000 	C:\WINDOWS\system32\pnrpnsp.dll
0x00007ffd83d70000 - 0x00007ffd83d89000 	C:\WINDOWS\system32\NLAapi.dll
0x00007ffd84fe0000 - 0x00007ffd84fee000 	C:\WINDOWS\System32\winrnr.dll
0x0000000056020000 - 0x0000000056031000 	C:\Program Files\Java\jdk1.8.0_40\jre\bin\nio.dll
0x00007ffd87a70000 - 0x00007ffd87c39000 	C:\WINDOWS\SYSTEM32\dbghelp.dll

VM Arguments:
jvm_args: -Dfile.encoding=UTF-8 
java_command: com.srikanth.microservices.netflixzuulapigatewayserver.NetflixZuulApiGatewayServerApplication
java_class_path (initial): C:\Program Files\Java\jdk1.8.0_40\jre\lib\resources.jar;C:\Program Files\Java\jdk1.8.0_40\jre\lib\rt.jar;C:\Program Files\Java\jdk1.8.0_40\jre\lib\jsse.jar;C:\Program Files\Java\jdk1.8.0_40\jre\lib\jce.jar;C:\Program Files\Java\jdk1.8.0_40\jre\lib\charsets.jar;C:\Program Files\Java\jdk1.8.0_40\jre\lib\jfr.jar;C:\Program Files\Java\jdk1.8.0_40\jre\lib\ext\access-bridge-64.jar;C:\Program Files\Java\jdk1.8.0_40\jre\lib\ext\cldrdata.jar;C:\Program Files\Java\jdk1.8.0_40\jre\lib\ext\dnsns.jar;C:\Program Files\Java\jdk1.8.0_40\jre\lib\ext\jaccess.jar;C:\Program Files\Java\jdk1.8.0_40\jre\lib\ext\jfxrt.jar;C:\Program Files\Java\jdk1.8.0_40\jre\lib\ext\localedata.jar;C:\Program Files\Java\jdk1.8.0_40\jre\lib\ext\nashorn.jar;C:\Program Files\Java\jdk1.8.0_40\jre\lib\ext\sunec.jar;C:\Program Files\Java\jdk1.8.0_40\jre\lib\ext\sunjce_provider.jar;C:\Program Files\Java\jdk1.8.0_40\jre\lib\ext\sunmscapi.jar;C:\Program Files\Java\jdk1.8.0_40\jre\lib\ext\sunpkcs11.jar;C:\Program Files\Java\jdk1.8.0_40\jre\lib\ext\zipfs.jar;H:\Prep\netflix-zuul-api-gateway-server\target\classes;C:\Users\welcome\.m2\repository\org\springframework\boot\spring-boot-starter-actuator\2.1.4.RELEASE\spring-boot-starter-actuator-2.1.4.RELEASE.jar;C:\Users\welcome\.m2\repository\org\springframework\boot\spring-boot-starter\2.1.4.RELEASE\spring-boot-starter-2.1.4.RELEASE.jar;C:\Users\welcome\.m2\repository\org\springframework\boot\spring-boot-starter-logging\2.1.4.RELEASE\spring-boot-starter-logging-2.1.4.RELEASE.jar;C:\Users\welcome\.m2\repository\ch\qos\logback\logback-classic\1.2.3\logback-classic-1.2.3.jar;C:\Users\welcome\.m2\repository\ch\qos\logback\logback-core\1.2.3\logback-core-1.2.3.jar;C:\Users\welcome\.m2\repository\org\apache\logging\log4j\log4j-to-slf4j\2.11.2\log4j-to-slf4j-2.11.2.jar;C:\Users\welcome\.m2\repository\org\apache\logging\log4j\log4j-api\2.11.2\log4j-api-2.11.2.jar;C:\Users\welcome\.m2\repository\org\slf4j\jul-to-slf4j\1.7.26\jul-to-slf4j-1.7.26.jar;C
Launcher Type: SUN_STANDARD

Environment Variables:
JAVA_HOME=C:\Program Files\Java\jdk1.8.0_40
JRE_HOME=C:\Program Files\Java\jre1.8.0_40
PATH=C:/Program Files/Java/jdk1.8.0_40/bin/../jre/bin/server;C:/Program Files/Java/jdk1.8.0_40/bin/../jre/bin;C:/Program Files/Java/jdk1.8.0_40/bin/../jre/lib/amd64;C:\Program Files\apache-maven-3.5.0\bin;C:\Program Files (x86)\Skype\Phone\;C:\Program Files\Java\jdk1.8.0_40\bin;C:\Program Files\Java\jre1.8.0_40\bin;C:\Program Files\Git\cmd;C:\Program Files (x86)\Brackets\command;C:\WINDOWS\system32;C:\WINDOWS;C:\WINDOWS\System32\Wbem;C:\WINDOWS\System32\WindowsPowerShell\v1.0\;C:\Program Files\nodejs\;;C:\WINDOWS\System32\OpenSSH\;C:\Program Files\Microsoft SQL Server\Client SDK\ODBC\130\Tools\Binn\;C:\Program Files (x86)\Microsoft SQL Server\140\Tools\Binn\;C:\Program Files\Microsoft SQL Server\140\Tools\Binn\;C:\Program Files\Microsoft SQL Server\140\DTS\Binn\;C:\Program Files (x86)\Microsoft SQL Server\Client SDK\ODBC\130\Tools\Binn\;C:\Program Files (x86)\Microsoft SQL Server\140\DTS\Binn\;C:\Program Files (x86)\Microsoft SQL Server\140\Tools\Binn\ManagementStudio\;C:\Program Files\Java\jdk1.8.0_40;C:\Users\welcome\AppData\Local\Microsoft\WindowsApps;C:\Users\welcome\AppData\Roaming\npm;;H:\eclipse;
USERNAME=SreekanthReddy
OS=Windows_NT
PROCESSOR_IDENTIFIER=Intel64 Family 6 Model 61 Stepping 4, GenuineIntel



---------------  S Y S T E M  ---------------

OS: Windows 10.0 , 64 bit Build 17134 (10.0.17134.706)

CPU:total 4 (2 cores per cpu, 2 threads per core) family 6 model 61 stepping 4, cmov, cx8, fxsr, mmx, sse, sse2, sse3, ssse3, sse4.1, sse4.2, popcnt, clmul, erms, 3dnowpref, lzcnt, ht, tsc, tscinvbit

Memory: 4k page, physical 4113068k(581040k free), swap 6161068k(4216k free)

vm_info: Java HotSpot(TM) 64-Bit Server VM (25.40-b25) for windows-amd64 JRE (1.8.0_40-b25), built on Feb 10 2015 21:53:57 by "java_re" with MS VC++ 10.0 (VS2010)

time: Sun Apr 14 21:56:16 2019
elapsed time: 4 seconds (0d 0h 0m 4s)

