#
# There is insufficient memory for the Java Runtime Environment to continue.
# Native memory allocation (malloc) failed to allocate 1693616 bytes for Chunk::new
# Possible reasons:
#   The system is out of physical RAM or swap space
#   In 32 bit mode, the process size limit was hit
# Possible solutions:
#   Reduce memory load on the system
#   Increase physical memory or swap space
#   Check if swap backing store is full
#   Use 64 bit Java on a 64 bit OS
#   Decrease Java heap size (-Xmx/-Xms)
#   Decrease number of Java threads
#   Decrease Java thread stack sizes (-Xss)
#   Set larger code cache with -XX:ReservedCodeCacheSize=
# This output file may be truncated or incomplete.
#
#  Out of Memory Error (allocation.cpp:390), pid=7308, tid=6572
#
# JRE version: Java(TM) SE Runtime Environment (8.0_40-b25) (build 1.8.0_40-b25)
# Java VM: Java HotSpot(TM) 64-Bit Server VM (25.40-b25 mixed mode windows-amd64 compressed oops)
# Failed to write core dump. Minidumps are not enabled by default on client versions of Windows
#

---------------  T H R E A D  ---------------

Current thread (0x0000000014c2a800):  JavaThread "C2 CompilerThread1" daemon [_thread_in_native, id=6572, stack(0x0000000016280000,0x0000000016380000)]

Stack: [0x0000000016280000,0x0000000016380000]
Native frames: (J=compiled Java code, j=interpreted, Vv=VM code, C=native code)
V  [jvm.dll+0x32b47a]
V  [jvm.dll+0x2797f3]
V  [jvm.dll+0x27a489]
V  [jvm.dll+0x2717a5]
V  [jvm.dll+0xcb9a2]
V  [jvm.dll+0xcbe6c]
V  [jvm.dll+0x476ea2]
V  [jvm.dll+0x4b950f]
V  [jvm.dll+0x46b92f]
V  [jvm.dll+0x46ccbe]
V  [jvm.dll+0x4500d2]
V  [jvm.dll+0xa4312]
V  [jvm.dll+0xa4c4f]
V  [jvm.dll+0x241914]
V  [jvm.dll+0x29848a]
C  [msvcr100.dll+0x21d9f]
C  [msvcr100.dll+0x21e3b]
C  [KERNEL32.DLL+0x14034]
C  [ntdll.dll+0x73691]


Current CompileTask:
C2:   4616 2116   !   4       java.net.URLClassLoader$1::run (63 bytes)


---------------  P R O C E S S  ---------------

Java Threads: ( => current thread )
  0x0000000017c69000 JavaThread "restartedMain" [_thread_in_native, id=4108, stack(0x0000000018490000,0x0000000018590000)]
  0x00000000179f0800 JavaThread "Thread-0" [_thread_blocked, id=8924, stack(0x0000000018390000,0x0000000018490000)]
  0x0000000014c7e800 JavaThread "Service Thread" daemon [_thread_blocked, id=10868, stack(0x0000000016880000,0x0000000016980000)]
  0x0000000014c31000 JavaThread "C1 CompilerThread2" daemon [_thread_blocked, id=7856, stack(0x0000000016380000,0x0000000016480000)]
=>0x0000000014c2a800 JavaThread "C2 CompilerThread1" daemon [_thread_in_native, id=6572, stack(0x0000000016280000,0x0000000016380000)]
  0x0000000014c23000 JavaThread "C2 CompilerThread0" daemon [_thread_in_native, id=2268, stack(0x0000000016180000,0x0000000016280000)]
  0x0000000014c1f800 JavaThread "Attach Listener" daemon [_thread_blocked, id=11544, stack(0x0000000016080000,0x0000000016180000)]
  0x0000000014c1e800 JavaThread "Signal Dispatcher" daemon [_thread_blocked, id=9504, stack(0x0000000015f80000,0x0000000016080000)]
  0x00000000025dd800 JavaThread "Finalizer" daemon [_thread_blocked, id=1084, stack(0x0000000015e80000,0x0000000015f80000)]
  0x00000000025d4800 JavaThread "Reference Handler" daemon [_thread_blocked, id=10848, stack(0x0000000015d80000,0x0000000015e80000)]
  0x00000000024e8000 JavaThread "main" [_thread_blocked, id=9772, stack(0x00000000023e0000,0x00000000024e0000)]

Other Threads:
  0x0000000014be7800 VMThread [stack: 0x0000000015c80000,0x0000000015d80000] [id=7844]
  0x00000000164c1000 WatcherThread [stack: 0x0000000016980000,0x0000000016a80000] [id=9092]

VM state:not at safepoint (normal execution)

VM Mutex/Monitor currently owned by a thread: None

Heap:
 PSYoungGen      total 35328K, used 7051K [0x00000000eb100000, 0x00000000ed600000, 0x0000000100000000)
  eden space 32768K, 13% used [0x00000000eb100000,0x00000000eb5695c0,0x00000000ed100000)
  from space 2560K, 98% used [0x00000000ed100000,0x00000000ed379758,0x00000000ed380000)
  to   space 2560K, 0% used [0x00000000ed380000,0x00000000ed380000,0x00000000ed600000)
 ParOldGen       total 34304K, used 7753K [0x00000000c1200000, 0x00000000c3380000, 0x00000000eb100000)
  object space 34304K, 22% used [0x00000000c1200000,0x00000000c1992788,0x00000000c3380000)
 Metaspace       used 24177K, capacity 24940K, committed 25088K, reserved 1071104K
  class space    used 3121K, capacity 3314K, committed 3328K, reserved 1048576K

Card table byte_map: [0x00000000119a0000,0x0000000011ba0000] byte_map_base: 0x0000000011397000

Marking Bits: (ParMarkBitMap*) 0x00000000569d4040
 Begin Bits: [0x00000000120f0000, 0x00000000130a8000)
 End Bits:   [0x00000000130a8000, 0x0000000014060000)

Polling page: 0x00000000001e0000

CodeCache: size=245760Kb used=7242Kb max_used=7242Kb free=238517Kb
 bounds [0x00000000025e0000, 0x0000000002d00000, 0x00000000115e0000]
 total_blobs=2519 nmethods=2140 adapters=292
 compilation: enabled

Compilation events (10 events):
Event: 4.423 Thread 0x0000000014c31000 2139       3       java.util.stream.MatchOps$MatchOp::evaluateSequential (7 bytes)
Event: 4.424 Thread 0x0000000014c31000 nmethod 2139 0x0000000002cf3b10 code [0x0000000002cf3cc0, 0x0000000002cf43d8]
Event: 4.424 Thread 0x0000000014c31000 2140       3       java.util.stream.MatchOps$BooleanTerminalSink::<init> (21 bytes)
Event: 4.424 Thread 0x0000000014c31000 nmethod 2140 0x0000000002cf4610 code [0x0000000002cf4780, 0x0000000002cf49b0]
Event: 4.424 Thread 0x0000000014c31000 2143       3       java.lang.CharSequence$1CharIterator::hasNext (22 bytes)
Event: 4.424 Thread 0x0000000014c31000 nmethod 2143 0x0000000002cf4a90 code [0x0000000002cf4c00, 0x0000000002cf4e88]
Event: 4.424 Thread 0x0000000014c31000 2141       3       java.lang.CharSequence::chars (14 bytes)
Event: 4.426 Thread 0x0000000014c31000 nmethod 2141 0x0000000002cf4f50 code [0x0000000002cf5120, 0x0000000002cf5888]
Event: 4.426 Thread 0x0000000014c31000 2142       3       java.lang.CharSequence$$Lambda$31/1623567385::get$Lambda (9 bytes)
Event: 4.426 Thread 0x0000000014c31000 nmethod 2142 0x0000000002cf5c90 code [0x0000000002cf5e00, 0x0000000002cf6050]

GC Heap History (10 events):
Event: 2.729 GC heap before
{Heap before GC invocations=6 (full 0):
 PSYoungGen      total 35328K, used 35300K [0x00000000eb100000, 0x00000000ed600000, 0x0000000100000000)
  eden space 32768K, 100% used [0x00000000eb100000,0x00000000ed100000,0x00000000ed100000)
  from space 2560K, 98% used [0x00000000ed100000,0x00000000ed379010,0x00000000ed380000)
  to   space 2560K, 0% used [0x00000000ed380000,0x00000000ed380000,0x00000000ed600000)
 ParOldGen       total 44032K, used 8215K [0x00000000c1200000, 0x00000000c3d00000, 0x00000000eb100000)
  object space 44032K, 18% used [0x00000000c1200000,0x00000000c1a05d20,0x00000000c3d00000)
 Metaspace       used 14905K, capacity 15338K, committed 15488K, reserved 1062912K
  class space    used 1921K, capacity 2061K, committed 2176K, reserved 1048576K
Event: 2.743 GC heap after
Heap after GC invocations=6 (full 0):
 PSYoungGen      total 35328K, used 2547K [0x00000000eb100000, 0x00000000ed600000, 0x0000000100000000)
  eden space 32768K, 0% used [0x00000000eb100000,0x00000000eb100000,0x00000000ed100000)
  from space 2560K, 99% used [0x00000000ed380000,0x00000000ed5fcd80,0x00000000ed600000)
  to   space 2560K, 0% used [0x00000000ed100000,0x00000000ed100000,0x00000000ed380000)
 ParOldGen       total 44032K, used 10726K [0x00000000c1200000, 0x00000000c3d00000, 0x00000000eb100000)
  object space 44032K, 24% used [0x00000000c1200000,0x00000000c1c79a48,0x00000000c3d00000)
 Metaspace       used 14905K, capacity 15338K, committed 15488K, reserved 1062912K
  class space    used 1921K, capacity 2061K, committed 2176K, reserved 1048576K
}
Event: 3.163 GC heap before
{Heap before GC invocations=7 (full 0):
 PSYoungGen      total 35328K, used 35315K [0x00000000eb100000, 0x00000000ed600000, 0x0000000100000000)
  eden space 32768K, 100% used [0x00000000eb100000,0x00000000ed100000,0x00000000ed100000)
  from space 2560K, 99% used [0x00000000ed380000,0x00000000ed5fcd80,0x00000000ed600000)
  to   space 2560K, 0% used [0x00000000ed100000,0x00000000ed100000,0x00000000ed380000)
 ParOldGen       total 44032K, used 10739K [0x00000000c1200000, 0x00000000c3d00000, 0x00000000eb100000)
  object space 44032K, 24% used [0x00000000c1200000,0x00000000c1c7cda8,0x00000000c3d00000)
 Metaspace       used 19239K, capacity 19760K, committed 20096K, reserved 1067008K
  class space    used 2484K, capacity 2646K, committed 2688K, reserved 1048576K
Event: 3.178 GC heap after
Heap after GC invocations=7 (full 0):
 PSYoungGen      total 35328K, used 2538K [0x00000000eb100000, 0x00000000ed600000, 0x0000000100000000)
  eden space 32768K, 0% used [0x00000000eb100000,0x00000000eb100000,0x00000000ed100000)
  from space 2560K, 99% used [0x00000000ed100000,0x00000000ed37a9f8,0x00000000ed380000)
  to   space 2560K, 0% used [0x00000000ed380000,0x00000000ed380000,0x00000000ed600000)
 ParOldGen       total 44032K, used 15534K [0x00000000c1200000, 0x00000000c3d00000, 0x00000000eb100000)
  object space 44032K, 35% used [0x00000000c1200000,0x00000000c212bba8,0x00000000c3d00000)
 Metaspace       used 19239K, capacity 19760K, committed 20096K, reserved 1067008K
  class space    used 2484K, capacity 2646K, committed 2688K, reserved 1048576K
}
Event: 3.301 GC heap before
{Heap before GC invocations=8 (full 0):
 PSYoungGen      total 35328K, used 10848K [0x00000000eb100000, 0x00000000ed600000, 0x0000000100000000)
  eden space 32768K, 25% used [0x00000000eb100000,0x00000000eb91d838,0x00000000ed100000)
  from space 2560K, 99% used [0x00000000ed100000,0x00000000ed37a9f8,0x00000000ed380000)
  to   space 2560K, 0% used [0x00000000ed380000,0x00000000ed380000,0x00000000ed600000)
 ParOldGen       total 44032K, used 15534K [0x00000000c1200000, 0x00000000c3d00000, 0x00000000eb100000)
  object space 44032K, 35% used [0x00000000c1200000,0x00000000c212bba8,0x00000000c3d00000)
 Metaspace       used 20645K, capacity 21168K, committed 21248K, reserved 1067008K
  class space    used 2657K, capacity 2814K, committed 2816K, reserved 1048576K
Event: 3.308 GC heap after
Heap after GC invocations=8 (full 0):
 PSYoungGen      total 35328K, used 2512K [0x00000000eb100000, 0x00000000ed600000, 0x0000000100000000)
  eden space 32768K, 0% used [0x00000000eb100000,0x00000000eb100000,0x00000000ed100000)
  from space 2560K, 98% used [0x00000000ed380000,0x00000000ed5f42f0,0x00000000ed600000)
  to   space 2560K, 0% used [0x00000000ed100000,0x00000000ed100000,0x00000000ed380000)
 ParOldGen       total 44032K, used 16092K [0x00000000c1200000, 0x00000000c3d00000, 0x00000000eb100000)
  object space 44032K, 36% used [0x00000000c1200000,0x00000000c21b70e8,0x00000000c3d00000)
 Metaspace       used 20645K, capacity 21168K, committed 21248K, reserved 1067008K
  class space    used 2657K, capacity 2814K, committed 2816K, reserved 1048576K
}
Event: 3.308 GC heap before
{Heap before GC invocations=9 (full 1):
 PSYoungGen      total 35328K, used 2512K [0x00000000eb100000, 0x00000000ed600000, 0x0000000100000000)
  eden space 32768K, 0% used [0x00000000eb100000,0x00000000eb100000,0x00000000ed100000)
  from space 2560K, 98% used [0x00000000ed380000,0x00000000ed5f42f0,0x00000000ed600000)
  to   space 2560K, 0% used [0x00000000ed100000,0x00000000ed100000,0x00000000ed380000)
 ParOldGen       total 44032K, used 16092K [0x00000000c1200000, 0x00000000c3d00000, 0x00000000eb100000)
  object space 44032K, 36% used [0x00000000c1200000,0x00000000c21b70e8,0x00000000c3d00000)
 Metaspace       used 20645K, capacity 21168K, committed 21248K, reserved 1067008K
  class space    used 2657K, capacity 2814K, committed 2816K, reserved 1048576K
Event: 3.375 GC heap after
Heap after GC invocations=9 (full 1):
 PSYoungGen      total 35328K, used 0K [0x00000000eb100000, 0x00000000ed600000, 0x0000000100000000)
  eden space 32768K, 0% used [0x00000000eb100000,0x00000000eb100000,0x00000000ed100000)
  from space 2560K, 0% used [0x00000000ed380000,0x00000000ed380000,0x00000000ed600000)
  to   space 2560K, 0% used [0x00000000ed100000,0x00000000ed100000,0x00000000ed380000)
 ParOldGen       total 34304K, used 7123K [0x00000000c1200000, 0x00000000c3380000, 0x00000000eb100000)
  object space 34304K, 20% used [0x00000000c1200000,0x00000000c18f4ec0,0x00000000c3380000)
 Metaspace       used 20645K, capacity 21168K, committed 21248K, reserved 1067008K
  class space    used 2657K, capacity 2814K, committed 2816K, reserved 1048576K
}
Event: 4.204 GC heap before
{Heap before GC invocations=10 (full 1):
 PSYoungGen      total 35328K, used 32768K [0x00000000eb100000, 0x00000000ed600000, 0x0000000100000000)
  eden space 32768K, 100% used [0x00000000eb100000,0x00000000ed100000,0x00000000ed100000)
  from space 2560K, 0% used [0x00000000ed380000,0x00000000ed380000,0x00000000ed600000)
  to   space 2560K, 0% used [0x00000000ed100000,0x00000000ed100000,0x00000000ed380000)
 ParOldGen       total 34304K, used 7123K [0x00000000c1200000, 0x00000000c3380000, 0x00000000eb100000)
  object space 34304K, 20% used [0x00000000c1200000,0x00000000c18f4ec0,0x00000000c3380000)
 Metaspace       used 23760K, capacity 24464K, committed 24832K, reserved 1071104K
  class space    used 3062K, capacity 3230K, committed 3328K, reserved 1048576K
Event: 4.210 GC heap after
Heap after GC invocations=10 (full 1):
 PSYoungGen      total 35328K, used 2533K [0x00000000eb100000, 0x00000000ed600000, 0x0000000100000000)
  eden space 32768K, 0% used [0x00000000eb100000,0x00000000eb100000,0x00000000ed100000)
  from space 2560K, 98% used [0x00000000ed100000,0x00000000ed379758,0x00000000ed380000)
  to   space 2560K, 0% used [0x00000000ed380000,0x00000000ed380000,0x00000000ed600000)
 ParOldGen       total 34304K, used 7753K [0x00000000c1200000, 0x00000000c3380000, 0x00000000eb100000)
  object space 34304K, 22% used [0x00000000c1200000,0x00000000c1992788,0x00000000c3380000)
 Metaspace       used 23760K, capacity 24464K, committed 24832K, reserved 1071104K
  class space    used 3062K, capacity 3230K, committed 3328K, reserved 1048576K
}

Deoptimization events (10 events):
Event: 2.823 Thread 0x0000000017909800 Uncommon trap: reason=unstable_if action=reinterpret pc=0x0000000002a1644c method=java.util.concurrent.ConcurrentHashMap.addCount(JI)V @ 34
Event: 3.048 Thread 0x0000000017c69000 Uncommon trap: reason=bimorphic action=maybe_recompile pc=0x0000000002a7b1b4 method=java.util.HashMap.putVal(ILjava/lang/Object;Ljava/lang/Object;ZZ)Ljava/lang/Object; @ 253
Event: 3.437 Thread 0x0000000017c69000 Uncommon trap: reason=bimorphic action=maybe_recompile pc=0x0000000002a7b1b4 method=java.util.HashMap.putVal(ILjava/lang/Object;Ljava/lang/Object;ZZ)Ljava/lang/Object; @ 253
Event: 3.455 Thread 0x0000000017c69000 Uncommon trap: reason=bimorphic action=maybe_recompile pc=0x0000000002a7b1b4 method=java.util.HashMap.putVal(ILjava/lang/Object;Ljava/lang/Object;ZZ)Ljava/lang/Object; @ 253
Event: 3.469 Thread 0x0000000017c69000 Uncommon trap: reason=bimorphic action=maybe_recompile pc=0x0000000002a7b1b4 method=java.util.HashMap.putVal(ILjava/lang/Object;Ljava/lang/Object;ZZ)Ljava/lang/Object; @ 253
Event: 3.543 Thread 0x0000000017909800 Uncommon trap: reason=unstable_if action=reinterpret pc=0x0000000002b4f5e8 method=com.sun.org.apache.xerces.internal.impl.XMLEntityScanner.scanLiteral(ILcom/sun/org/apache/xerces/internal/xni/XMLString;)I @ 563
Event: 3.874 Thread 0x0000000017909800 Uncommon trap: reason=unstable_if action=reinterpret pc=0x0000000002b6deac method=com.sun.org.apache.xerces.internal.impl.XMLEntityScanner.skipSpaces()Z @ 115
Event: 3.936 Thread 0x0000000017909800 Uncommon trap: reason=unstable_if action=reinterpret pc=0x0000000002c0395c method=org.apache.tomcat.util.IntrospectionUtils.setProperty(Ljava/lang/Object;Ljava/lang/String;Ljava/lang/String;Z)Z @ 196
Event: 3.949 Thread 0x0000000017909800 Uncommon trap: reason=unstable_if action=reinterpret pc=0x0000000002bc27a0 method=com.sun.org.apache.xerces.internal.util.SymbolTable.addSymbol([CII)Ljava/lang/String; @ 39
Event: 4.386 Thread 0x0000000017c69000 Uncommon trap: reason=unstable_if action=reinterpret pc=0x0000000002972654 method=org.springframework.util.ConcurrentReferenceHashMap$Segment.clear()V @ 4

Internal exceptions (10 events):
Event: 3.253 Thread 0x0000000017c69000 Exception <a 'java/lang/ClassNotFoundException': org/springframework/beans/factory/support/BeanDefinitionRegistryPostProcessorCustomizer> (0x00000000eb674908) thrown at [D:\re\workspace\8-2-build-windows-amd64-cygwin\jdk8u40\2855\hotspot\src\share\vm\classÊÃNLD	
@
Event: 3.255 Thread 0x0000000017c69000 Exception <a 'java/lang/ClassNotFoundException': org/springframework/beans/factory/config/BeanFactoryPostProcessorCustomizer> (0x00000000eb69daf8) thrown at [D:\re\workspace\8-2-build-windows-amd64-cygwin\jdk8u40\2855\hotspot\src\share\vm\classfile\systemDðf\Z
@
Event: 3.259 Thread 0x0000000017c69000 Exception <a 'java/lang/ClassNotFoundException': org/springframework/core/PriorityOrderedCustomizer> (0x00000000eb6bb730) thrown at [D:\re\workspace\8-2-build-windows-amd64-cygwin\jdk8u40\2855\hotspot\src\share\vm\classfile\systemDictionary.cpp, line 210]
Event: 3.260 Thread 0x0000000017c69000 Exception <a 'java/lang/ClassNotFoundException': org/springframework/core/OrderedCustomizer> (0x00000000eb6d5138) thrown at [D:\re\workspace\8-2-build-windows-amd64-cygwin\jdk8u40\2855\hotspot\src\share\vm\classfile\systemDictionary.cpp, line 210]
Event: 3.262 Thread 0x0000000017c69000 Exception <a 'java/lang/ClassNotFoundException': org/springframework/context/ResourceLoaderAwareCustomizer> (0x00000000eb751eb8) thrown at [D:\re\workspace\8-2-build-windows-amd64-cygwin\jdk8u40\2855\hotspot\src\share\vm\classfile\systemDictionary.cpp, lin”>*^V
@
Event: 3.263 Thread 0x0000000017c69000 Exception <a 'java/lang/ClassNotFoundException': org/springframework/beans/factory/AwareCustomizer> (0x00000000eb76ffe0) thrown at [D:\re\workspace\8-2-build-windows-amd64-cygwin\jdk8u40\2855\hotspot\src\share\vm\classfile\systemDictionary.cpp, line 210]
Event: 3.265 Thread 0x0000000017c69000 Exception <a 'java/lang/ClassNotFoundException': org/springframework/beans/factory/BeanClassLoaderAwareCustomizer> (0x00000000eb7933f0) thrown at [D:\re\workspace\8-2-build-windows-amd64-cygwin\jdk8u40\2855\hotspot\src\share\vm\classfile\systemDictionary.cU£*ôµ 
@
Event: 3.266 Thread 0x0000000017c69000 Exception <a 'java/lang/ClassNotFoundException': org/springframework/beans/factory/AwareCustomizer> (0x00000000eb7b1258) thrown at [D:\re\workspace\8-2-build-windows-amd64-cygwin\jdk8u40\2855\hotspot\src\share\vm\classfile\systemDictionary.cpp, line 210]
Event: 3.267 Thread 0x0000000017c69000 Exception <a 'java/lang/ClassNotFoundException': org/springframework/context/EnvironmentAwareCustomizer> (0x00000000eb7d01a0) thrown at [D:\re\workspace\8-2-build-windows-amd64-cygwin\jdk8u40\2855\hotspot\src\share\vm\classfile\systemDictionary.cpp, line 2rF~eV&
@
Event: 3.269 Thread 0x0000000017c69000 Exception <a 'java/lang/ClassNotFoundException': org/springframework/beans/factory/AwareCustomizer> (0x00000000eb7edee8) thrown at [D:\re\workspace\8-2-build-windows-amd64-cygwin\jdk8u40\2855\hotspot\src\share\vm\classfile\systemDictionary.cpp, line 210]

Events (10 events):
Event: 4.396 loading class org/springframework/util/StopWatch$TaskInfo
Event: 4.396 loading class org/springframework/util/StopWatch$TaskInfo done
Event: 4.413 loading class org/springframework/cloud/bootstrap/BootstrapApplicationListener$AncestorInitializer
Event: 4.413 loading class org/springframework/cloud/bootstrap/BootstrapApplicationListener$AncestorInitializer done
Event: 4.415 loading class org/springframework/boot/env/OriginTrackedMapPropertySource
Event: 4.415 loading class org/springframework/boot/env/OriginTrackedMapPropertySource done
Event: 4.416 loading class org/springframework/cloud/bootstrap/BootstrapApplicationListener$CloseContextOnFailureApplicationListener
Event: 4.416 loading class org/springframework/cloud/bootstrap/BootstrapApplicationListener$CloseContextOnFailureApplicationListener done
Event: 4.418 loading class org/springframework/cloud/bootstrap/BootstrapApplicationListener$DelegatingEnvironmentDecryptApplicationInitializer
Event: 4.418 loading class org/springframework/cloud/bootstrap/BootstrapApplicationListener$DelegatingEnvironmentDecryptApplicationInitializer done


Dynamic libraries:
0x00007ff7f5500000 - 0x00007ff7f5537000 	C:\Program Files\Java\jdk1.8.0_40\bin\javaw.exe
0x00007ffd8cd40000 - 0x00007ffd8cf21000 	C:\WINDOWS\SYSTEM32\ntdll.dll
0x00007ffd8a340000 - 0x00007ffd8a3f1000 	C:\WINDOWS\System32\KERNEL32.DLL
0x00007ffd89170000 - 0x00007ffd893e3000 	C:\WINDOWS\System32\KERNELBASE.dll
0x00007ffd8a290000 - 0x00007ffd8a331000 	C:\WINDOWS\System32\ADVAPI32.dll
0x00007ffd8bfd0000 - 0x00007ffd8c06e000 	C:\WINDOWS\System32\msvcrt.dll
0x00007ffd8a1d0000 - 0x00007ffd8a22b000 	C:\WINDOWS\System32\sechost.dll
0x00007ffd8c210000 - 0x00007ffd8c334000 	C:\WINDOWS\System32\RPCRT4.dll
0x00007ffd8c600000 - 0x00007ffd8c790000 	C:\WINDOWS\System32\USER32.dll
0x00007ffd8a0e0000 - 0x00007ffd8a100000 	C:\WINDOWS\System32\win32u.dll
0x00007ffd8c5d0000 - 0x00007ffd8c5f8000 	C:\WINDOWS\System32\GDI32.dll
0x00007ffd89730000 - 0x00007ffd898c2000 	C:\WINDOWS\System32\gdi32full.dll
0x00007ffd894a0000 - 0x00007ffd8953f000 	C:\WINDOWS\System32\msvcp_win.dll
0x00007ffd89fe0000 - 0x00007ffd8a0d8000 	C:\WINDOWS\System32\ucrtbase.dll
0x00007ffd80880000 - 0x00007ffd80ae9000 	C:\WINDOWS\WinSxS\amd64_microsoft.windows.common-controls_6595b64144ccf1df_6.0.17134.706_none_fb43a2cb30647007\COMCTL32.dll
0x00007ffd8c840000 - 0x00007ffd8cb62000 	C:\WINDOWS\System32\combase.dll
0x00007ffd8a100000 - 0x00007ffd8a17a000 	C:\WINDOWS\System32\bcryptPrimitives.dll
0x00007ffd8c350000 - 0x00007ffd8c37d000 	C:\WINDOWS\System32\IMM32.DLL
0x0000000055f00000 - 0x0000000055fd2000 	C:\Program Files\Java\jdk1.8.0_40\jre\bin\msvcr100.dll
0x00000000561d0000 - 0x0000000056a53000 	C:\Program Files\Java\jdk1.8.0_40\jre\bin\server\jvm.dll
0x00007ffd8bef0000 - 0x00007ffd8bef8000 	C:\WINDOWS\System32\PSAPI.DLL
0x00007ffd81a20000 - 0x00007ffd81a2a000 	C:\WINDOWS\SYSTEM32\VERSION.dll
0x00007ffd7e6c0000 - 0x00007ffd7e6e3000 	C:\WINDOWS\SYSTEM32\WINMM.dll
0x00007ffd87c90000 - 0x00007ffd87c99000 	C:\WINDOWS\SYSTEM32\WSOCK32.dll
0x00007ffd8bf00000 - 0x00007ffd8bf6c000 	C:\WINDOWS\System32\WS2_32.dll
0x00007ffd7e4b0000 - 0x00007ffd7e4da000 	C:\WINDOWS\SYSTEM32\WINMMBASE.dll
0x00007ffd8a180000 - 0x00007ffd8a1c9000 	C:\WINDOWS\System32\cfgmgr32.dll
0x00000000560e0000 - 0x00000000560ef000 	C:\Program Files\Java\jdk1.8.0_40\jre\bin\verify.dll
0x00000000560b0000 - 0x00000000560d9000 	C:\Program Files\Java\jdk1.8.0_40\jre\bin\java.dll
0x0000000056060000 - 0x0000000056076000 	C:\Program Files\Java\jdk1.8.0_40\jre\bin\zip.dll
0x00007ffd8a850000 - 0x00007ffd8bc90000 	C:\WINDOWS\System32\SHELL32.dll
0x00007ffd8c790000 - 0x00007ffd8c839000 	C:\WINDOWS\System32\shcore.dll
0x00007ffd898d0000 - 0x00007ffd89fdd000 	C:\WINDOWS\System32\windows.storage.dll
0x00007ffd8bf70000 - 0x00007ffd8bfc1000 	C:\WINDOWS\System32\shlwapi.dll
0x00007ffd89070000 - 0x00007ffd89081000 	C:\WINDOWS\System32\kernel.appcore.dll
0x00007ffd890f0000 - 0x00007ffd8910f000 	C:\WINDOWS\System32\profapi.dll
0x00007ffd890a0000 - 0x00007ffd890ec000 	C:\WINDOWS\System32\powrprof.dll
0x00007ffd89090000 - 0x00007ffd8909a000 	C:\WINDOWS\System32\FLTLIB.DLL
0x0000000056040000 - 0x000000005605a000 	C:\Program Files\Java\jdk1.8.0_40\jre\bin\net.dll
0x00007ffd88870000 - 0x00007ffd888d6000 	C:\WINDOWS\system32\mswsock.dll
0x00007ffd885f0000 - 0x00007ffd88628000 	C:\WINDOWS\SYSTEM32\IPHLPAPI.DLL
0x00007ffd8c340000 - 0x00007ffd8c348000 	C:\WINDOWS\System32\NSI.dll
0x00007ffd82c40000 - 0x00007ffd82c56000 	C:\WINDOWS\SYSTEM32\dhcpcsvc6.DLL
0x00007ffd823c0000 - 0x00007ffd823da000 	C:\WINDOWS\SYSTEM32\dhcpcsvc.DLL
0x00007ffd88630000 - 0x00007ffd886ee000 	C:\WINDOWS\SYSTEM32\DNSAPI.dll
0x00007ffd80090000 - 0x00007ffd8009a000 	C:\Windows\System32\rasadhlp.dll
0x00007ffd80800000 - 0x00007ffd80872000 	C:\WINDOWS\System32\fwpuclnt.dll
0x00007ffd88bb0000 - 0x00007ffd88bd5000 	C:\WINDOWS\SYSTEM32\bcrypt.dll
0x0000000055fe0000 - 0x0000000055fed000 	C:\Program Files\Java\jdk1.8.0_40\jre\bin\management.dll
0x00007ffd84320000 - 0x00007ffd84336000 	C:\WINDOWS\system32\napinsp.dll
0x00007ffd84300000 - 0x00007ffd8431a000 	C:\WINDOWS\system32\pnrpnsp.dll
0x00007ffd83d70000 - 0x00007ffd83d89000 	C:\WINDOWS\system32\NLAapi.dll
0x00007ffd84fe0000 - 0x00007ffd84fee000 	C:\WINDOWS\System32\winrnr.dll
0x0000000056020000 - 0x0000000056031000 	C:\Program Files\Java\jdk1.8.0_40\jre\bin\nio.dll
0x00007ffd87a70000 - 0x00007ffd87c39000 	C:\WINDOWS\SYSTEM32\dbghelp.dll

VM Arguments:
jvm_args: -Dfile.encoding=UTF-8 
java_command: com.srikanth.microservices.netflixzuulapigatewayserver.NetflixZuulApiGatewayServerApplication
java_class_path (initial): C:\Program Files\Java\jdk1.8.0_40\jre\lib\resources.jar;C:\Program Files\Java\jdk1.8.0_40\jre\lib\rt.jar;C:\Program Files\Java\jdk1.8.0_40\jre\lib\jsse.jar;C:\Program Files\Java\jdk1.8.0_40\jre\lib\jce.jar;C:\Program Files\Java\jdk1.8.0_40\jre\lib\charsets.jar;C:\Program Files\Java\jdk1.8.0_40\jre\lib\jfr.jar;C:\Program Files\Java\jdk1.8.0_40\jre\lib\ext\access-bridge-64.jar;C:\Program Files\Java\jdk1.8.0_40\jre\lib\ext\cldrdata.jar;C:\Program Files\Java\jdk1.8.0_40\jre\lib\ext\dnsns.jar;C:\Program Files\Java\jdk1.8.0_40\jre\lib\ext\jaccess.jar;C:\Program Files\Java\jdk1.8.0_40\jre\lib\ext\jfxrt.jar;C:\Program Files\Java\jdk1.8.0_40\jre\lib\ext\localedata.jar;C:\Program Files\Java\jdk1.8.0_40\jre\lib\ext\nashorn.jar;C:\Program Files\Java\jdk1.8.0_40\jre\lib\ext\sunec.jar;C:\Program Files\Java\jdk1.8.0_40\jre\lib\ext\sunjce_provider.jar;C:\Program Files\Java\jdk1.8.0_40\jre\lib\ext\sunmscapi.jar;C:\Program Files\Java\jdk1.8.0_40\jre\lib\ext\sunpkcs11.jar;C:\Program Files\Java\jdk1.8.0_40\jre\lib\ext\zipfs.jar;H:\Prep\netflix-zuul-api-gateway-server\target\classes;C:\Users\welcome\.m2\repository\org\springframework\boot\spring-boot-starter-actuator\2.1.4.RELEASE\spring-boot-starter-actuator-2.1.4.RELEASE.jar;C:\Users\welcome\.m2\repository\org\springframework\boot\spring-boot-starter\2.1.4.RELEASE\spring-boot-starter-2.1.4.RELEASE.jar;C:\Users\welcome\.m2\repository\org\springframework\boot\spring-boot-starter-logging\2.1.4.RELEASE\spring-boot-starter-logging-2.1.4.RELEASE.jar;C:\Users\welcome\.m2\repository\ch\qos\logback\logback-classic\1.2.3\logback-classic-1.2.3.jar;C:\Users\welcome\.m2\repository\ch\qos\logback\logback-core\1.2.3\logback-core-1.2.3.jar;C:\Users\welcome\.m2\repository\org\apache\logging\log4j\log4j-to-slf4j\2.11.2\log4j-to-slf4j-2.11.2.jar;C:\Users\welcome\.m2\repository\org\apache\logging\log4j\log4j-api\2.11.2\log4j-api-2.11.2.jar;C:\Users\welcome\.m2\repository\org\slf4j\jul-to-slf4j\1.7.26\jul-to-slf4j-1.7.26.jar;C
Launcher Type: SUN_STANDARD

Environment Variables:
JAVA_HOME=C:\Program Files\Java\jdk1.8.0_40
JRE_HOME=C:\Program Files\Java\jre1.8.0_40
PATH=C:/Program Files/Java/jdk1.8.0_40/bin/../jre/bin/server;C:/Program Files/Java/jdk1.8.0_40/bin/../jre/bin;C:/Program Files/Java/jdk1.8.0_40/bin/../jre/lib/amd64;C:\Program Files\apache-maven-3.5.0\bin;C:\Program Files (x86)\Skype\Phone\;C:\Program Files\Java\jdk1.8.0_40\bin;C:\Program Files\Java\jre1.8.0_40\bin;C:\Program Files\Git\cmd;C:\Program Files (x86)\Brackets\command;C:\WINDOWS\system32;C:\WINDOWS;C:\WINDOWS\System32\Wbem;C:\WINDOWS\System32\WindowsPowerShell\v1.0\;C:\Program Files\nodejs\;;C:\WINDOWS\System32\OpenSSH\;C:\Program Files\Microsoft SQL Server\Client SDK\ODBC\130\Tools\Binn\;C:\Program Files (x86)\Microsoft SQL Server\140\Tools\Binn\;C:\Program Files\Microsoft SQL Server\140\Tools\Binn\;C:\Program Files\Microsoft SQL Server\140\DTS\Binn\;C:\Program Files (x86)\Microsoft SQL Server\Client SDK\ODBC\130\Tools\Binn\;C:\Program Files (x86)\Microsoft SQL Server\140\DTS\Binn\;C:\Program Files (x86)\Microsoft SQL Server\140\Tools\Binn\ManagementStudio\;C:\Program Files\Java\jdk1.8.0_40;C:\Users\welcome\AppData\Local\Microsoft\WindowsApps;C:\Users\welcome\AppData\Roaming\npm;;H:\eclipse;
USERNAME=SreekanthReddy
OS=Windows_NT
PROCESSOR_IDENTIFIER=Intel64 Family 6 Model 61 Stepping 4, GenuineIntel



---------------  S Y S T E M  ---------------

OS: Windows 10.0 , 64 bit Build 17134 (10.0.17134.706)

CPU:total 4 (2 cores per cpu, 2 threads per core) family 6 model 61 stepping 4, cmov, cx8, fxsr, mmx, sse, sse2, sse3, ssse3, sse4.1, sse4.2, popcnt, clmul, erms, 3dnowpref, lzcnt, ht, tsc, tscinvbit

Memory: 4k page, physical 4113068k(381012k free), swap 6161068k(3280k free)

vm_info: Java HotSpot(TM) 64-Bit Server VM (25.40-b25) for windows-amd64 JRE (1.8.0_40-b25), built on Feb 10 2015 21:53:57 by "java_re" with MS VC++ 10.0 (VS2010)

time: Sun Apr 14 21:52:13 2019
elapsed time: 4 seconds (0d 0h 0m 4s)

