#
# There is insufficient memory for the Java Runtime Environment to continue.
# Native memory allocation (malloc) failed to allocate 508560 bytes for Chunk::new
# Possible reasons:
#   The system is out of physical RAM or swap space
#   In 32 bit mode, the process size limit was hit
# Possible solutions:
#   Reduce memory load on the system
#   Increase physical memory or swap space
#   Check if swap backing store is full
#   Use 64 bit Java on a 64 bit OS
#   Decrease Java heap size (-Xmx/-Xms)
#   Decrease number of Java threads
#   Decrease Java thread stack sizes (-Xss)
#   Set larger code cache with -XX:ReservedCodeCacheSize=
# This output file may be truncated or incomplete.
#
#  Out of Memory Error (allocation.cpp:390), pid=1896, tid=11704
#
# JRE version: Java(TM) SE Runtime Environment (8.0_40-b25) (build 1.8.0_40-b25)
# Java VM: Java HotSpot(TM) 64-Bit Server VM (25.40-b25 mixed mode windows-amd64 compressed oops)
# Failed to write core dump. Minidumps are not enabled by default on client versions of Windows
#

---------------  T H R E A D  ---------------

Current thread (0x0000000015a11000):  JavaThread "C2 CompilerThread0" daemon [_thread_in_native, id=11704, stack(0x0000000016f60000,0x0000000017060000)]

Stack: [0x0000000016f60000,0x0000000017060000]
[error occurred during error reporting (printing stack bounds), id 0xc0000005]

Native frames: (J=compiled Java code, j=interpreted, Vv=VM code, C=native code)
V  [jvm.dll+0x32b47a]


Current CompileTask:
C2:   3182 1496   !   4       java.lang.ClassLoader::loadClass (122 bytes)


---------------  P R O C E S S  ---------------

Java Threads: ( => current thread )
  0x0000000018d7f000 JavaThread "background-preinit" [_thread_in_vm, id=5004, stack(0x0000000019370000,0x0000000019470000)]
  0x0000000018559000 JavaThread "restartedMain" [_thread_blocked, id=6916, stack(0x0000000019270000,0x0000000019370000)]
  0x000000001895f800 JavaThread "Thread-0" [_thread_blocked, id=2500, stack(0x0000000019170000,0x0000000019270000)]
  0x0000000015a6e000 JavaThread "Service Thread" daemon [_thread_blocked, id=3880, stack(0x0000000017660000,0x0000000017760000)]
  0x0000000015a20000 JavaThread "C1 CompilerThread2" daemon [_thread_in_native, id=11548, stack(0x0000000017160000,0x0000000017260000)]
  0x0000000015a13000 JavaThread "C2 CompilerThread1" daemon [_thread_in_native, id=9376, stack(0x0000000017060000,0x0000000017160000)]
=>0x0000000015a11000 JavaThread "C2 CompilerThread0" daemon [_thread_in_native, id=11704, stack(0x0000000016f60000,0x0000000017060000)]
  0x0000000015a10000 JavaThread "Attach Listener" daemon [_thread_blocked, id=3116, stack(0x0000000016e60000,0x0000000016f60000)]
  0x0000000015a0e800 JavaThread "Signal Dispatcher" daemon [_thread_blocked, id=3996, stack(0x0000000016d60000,0x0000000016e60000)]
  0x00000000033ed800 JavaThread "Finalizer" daemon [_thread_blocked, id=4276, stack(0x0000000016c60000,0x0000000016d60000)]
  0x00000000033e5800 JavaThread "Reference Handler" daemon [_thread_blocked, id=10160, stack(0x0000000016b60000,0x0000000016c60000)]
  0x00000000032f8000 JavaThread "main" [_thread_blocked, id=10600, stack(0x00000000031f0000,0x00000000032f0000)]

Other Threads:
  0x00000000159d7000 VMThread [stack: 0x0000000016a60000,0x0000000016b60000] [id=4548]
  0x0000000017291000 WatcherThread [stack: 0x0000000017760000,0x0000000017860000] [id=11736]

VM state:synchronizing (normal execution)

VM Mutex/Monitor currently owned by a thread:  ([mutex/lock_event])
[0x00000000032f5c20] Threads_lock - owner thread: 0x00000000159d7000
[0x00000000032f5620] Heap_lock - owner thread: 0x0000000018559000

Heap:
 PSYoungGen      total 35328K, used 26209K [0x00000000eb100000, 0x00000000ed600000, 0x0000000100000000)
  eden space 32768K, 79% used [0x00000000eb100000,0x00000000eca984d8,0x00000000ed100000)
  from space 2560K, 0% used [0x00000000ed100000,0x00000000ed100000,0x00000000ed380000)
  to   space 2560K, 0% used [0x00000000ed380000,0x00000000ed380000,0x00000000ed600000)
 ParOldGen       total 32768K, used 7558K [0x00000000c1200000, 0x00000000c3200000, 0x00000000eb100000)
  object space 32768K, 23% used [0x00000000c1200000,0x00000000c19618a0,0x00000000c3200000)
 Metaspace       used 19499K, capacity 19976K, committed 20096K, reserved 1071104K
  class space    used 2530K, capacity 2672K, committed 2688K, reserved 1048576K

Card table byte_map: [0x00000000127b0000,0x00000000129b0000] byte_map_base: 0x00000000121a7000

Marking Bits: (ParMarkBitMap*) 0x00000000569d4040
 Begin Bits: [0x0000000012f00000, 0x0000000013eb8000)
 End Bits:   [0x0000000013eb8000, 0x0000000014e70000)

Polling page: 0x0000000003110000

CodeCache: size=245760Kb used=4924Kb max_used=4924Kb free=240835Kb
 bounds [0x00000000033f0000, 0x00000000038d0000, 0x00000000123f0000]
 total_blobs=1851 nmethods=1509 adapters=256
 compilation: enabled

Compilation events (10 events):
Event: 3.093 Thread 0x0000000015a20000 nmethod 1507 0x00000000038bc710 code [0x00000000038bc880, 0x00000000038bcb18]
Event: 3.093 Thread 0x0000000015a20000 1508       3       java.lang.invoke.DirectMethodHandle::<init> (132 bytes)
Event: 3.095 Thread 0x0000000015a20000 nmethod 1508 0x00000000038bcc10 code [0x00000000038bcec0, 0x00000000038be628]
Event: 3.095 Thread 0x0000000015a20000 1509       1       java.lang.invoke.InnerClassLambdaMetafactory::access$200 (5 bytes)
Event: 3.096 Thread 0x0000000015a20000 nmethod 1509 0x00000000038bee90 code [0x00000000038befe0, 0x00000000038bf0d0]
Event: 3.103 Thread 0x0000000015a20000 1510       3       java.lang.ThreadLocal::get (38 bytes)
Event: 3.104 Thread 0x0000000015a20000 nmethod 1510 0x00000000038bf150 code [0x00000000038bf2e0, 0x00000000038bf698]
Event: 3.106 Thread 0x0000000015a20000 1512       3       jdk.internal.org.objectweb.asm.Type::getArgumentsAndReturnSizes (151 bytes)
Event: 3.108 Thread 0x0000000015a20000 nmethod 1512 0x00000000038bfa10 code [0x00000000038bfc40, 0x00000000038c09b8]
Event: 3.109 Thread 0x0000000015a20000 1513       3       java.lang.invoke.TypeConvertingMethodAdapter::convertType (299 bytes)

GC Heap History (10 events):
Event: 1.806 GC heap before
{Heap before GC invocations=4 (full 0):
 PSYoungGen      total 18944K, used 18916K [0x00000000eb100000, 0x00000000ed600000, 0x0000000100000000)
  eden space 16384K, 100% used [0x00000000eb100000,0x00000000ec100000,0x00000000ec100000)
  from space 2560K, 98% used [0x00000000ec100000,0x00000000ec379020,0x00000000ec380000)
  to   space 2560K, 0% used [0x00000000ed380000,0x00000000ed380000,0x00000000ed600000)
 ParOldGen       total 44032K, used 4651K [0x00000000c1200000, 0x00000000c3d00000, 0x00000000eb100000)
  object space 44032K, 10% used [0x00000000c1200000,0x00000000c168afd8,0x00000000c3d00000)
 Metaspace       used 10377K, capacity 10634K, committed 10880K, reserved 1058816K
  class space    used 1194K, capacity 1284K, committed 1408K, reserved 1048576K
Event: 1.813 GC heap after
Heap after GC invocations=4 (full 0):
 PSYoungGen      total 35328K, used 2536K [0x00000000eb100000, 0x00000000ed600000, 0x0000000100000000)
  eden space 32768K, 0% used [0x00000000eb100000,0x00000000eb100000,0x00000000ed100000)
  from space 2560K, 99% used [0x00000000ed380000,0x00000000ed5fa150,0x00000000ed600000)
  to   space 2560K, 0% used [0x00000000ed100000,0x00000000ed100000,0x00000000ed380000)
 ParOldGen       total 44032K, used 6252K [0x00000000c1200000, 0x00000000c3d00000, 0x00000000eb100000)
  object space 44032K, 14% used [0x00000000c1200000,0x00000000c181b098,0x00000000c3d00000)
 Metaspace       used 10377K, capacity 10634K, committed 10880K, reserved 1058816K
  class space    used 1194K, capacity 1284K, committed 1408K, reserved 1048576K
}
Event: 2.255 GC heap before
{Heap before GC invocations=5 (full 0):
 PSYoungGen      total 35328K, used 35304K [0x00000000eb100000, 0x00000000ed600000, 0x0000000100000000)
  eden space 32768K, 100% used [0x00000000eb100000,0x00000000ed100000,0x00000000ed100000)
  from space 2560K, 99% used [0x00000000ed380000,0x00000000ed5fa150,0x00000000ed600000)
  to   space 2560K, 0% used [0x00000000ed100000,0x00000000ed100000,0x00000000ed380000)
 ParOldGen       total 44032K, used 6252K [0x00000000c1200000, 0x00000000c3d00000, 0x00000000eb100000)
  object space 44032K, 14% used [0x00000000c1200000,0x00000000c181b098,0x00000000c3d00000)
 Metaspace       used 12361K, capacity 12696K, committed 13056K, reserved 1060864K
  class space    used 1555K, capacity 1666K, committed 1792K, reserved 1048576K
Event: 2.264 GC heap after
Heap after GC invocations=5 (full 0):
 PSYoungGen      total 35328K, used 2532K [0x00000000eb100000, 0x00000000ed600000, 0x0000000100000000)
  eden space 32768K, 0% used [0x00000000eb100000,0x00000000eb100000,0x00000000ed100000)
  from space 2560K, 98% used [0x00000000ed100000,0x00000000ed379040,0x00000000ed380000)
  to   space 2560K, 0% used [0x00000000ed380000,0x00000000ed380000,0x00000000ed600000)
 ParOldGen       total 44032K, used 8153K [0x00000000c1200000, 0x00000000c3d00000, 0x00000000eb100000)
  object space 44032K, 18% used [0x00000000c1200000,0x00000000c19f6610,0x00000000c3d00000)
 Metaspace       used 12361K, capacity 12696K, committed 13056K, reserved 1060864K
  class space    used 1555K, capacity 1666K, committed 1792K, reserved 1048576K
}
Event: 2.612 GC heap before
{Heap before GC invocations=6 (full 0):
 PSYoungGen      total 35328K, used 35300K [0x00000000eb100000, 0x00000000ed600000, 0x0000000100000000)
  eden space 32768K, 100% used [0x00000000eb100000,0x00000000ed100000,0x00000000ed100000)
  from space 2560K, 98% used [0x00000000ed100000,0x00000000ed379040,0x00000000ed380000)
  to   space 2560K, 0% used [0x00000000ed380000,0x00000000ed380000,0x00000000ed600000)
 ParOldGen       total 44032K, used 8153K [0x00000000c1200000, 0x00000000c3d00000, 0x00000000eb100000)
  object space 44032K, 18% used [0x00000000c1200000,0x00000000c19f6610,0x00000000c3d00000)
 Metaspace       used 14851K, capacity 15340K, committed 15488K, reserved 1062912K
  class space    used 1931K, capacity 2062K, committed 2176K, reserved 1048576K
Event: 2.622 GC heap after
Heap after GC invocations=6 (full 0):
 PSYoungGen      total 35328K, used 2532K [0x00000000eb100000, 0x00000000ed600000, 0x0000000100000000)
  eden space 32768K, 0% used [0x00000000eb100000,0x00000000eb100000,0x00000000ed100000)
  from space 2560K, 98% used [0x00000000ed380000,0x00000000ed5f9040,0x00000000ed600000)
  to   space 2560K, 0% used [0x00000000ed100000,0x00000000ed100000,0x00000000ed380000)
 ParOldGen       total 44032K, used 10636K [0x00000000c1200000, 0x00000000c3d00000, 0x00000000eb100000)
  object space 44032K, 24% used [0x00000000c1200000,0x00000000c1c63038,0x00000000c3d00000)
 Metaspace       used 14851K, capacity 15340K, committed 15488K, reserved 1062912K
  class space    used 1931K, capacity 2062K, committed 2176K, reserved 1048576K
}
Event: 2.744 GC heap before
{Heap before GC invocations=7 (full 0):
 PSYoungGen      total 35328K, used 12906K [0x00000000eb100000, 0x00000000ed600000, 0x0000000100000000)
  eden space 32768K, 31% used [0x00000000eb100000,0x00000000ebb218c8,0x00000000ed100000)
  from space 2560K, 98% used [0x00000000ed380000,0x00000000ed5f9040,0x00000000ed600000)
  to   space 2560K, 0% used [0x00000000ed100000,0x00000000ed100000,0x00000000ed380000)
 ParOldGen       total 44032K, used 10636K [0x00000000c1200000, 0x00000000c3d00000, 0x00000000eb100000)
  object space 44032K, 24% used [0x00000000c1200000,0x00000000c1c63038,0x00000000c3d00000)
 Metaspace       used 16601K, capacity 17058K, committed 17152K, reserved 1069056K
  class space    used 2109K, capacity 2227K, committed 2304K, reserved 1048576K
Event: 2.753 GC heap after
Heap after GC invocations=7 (full 0):
 PSYoungGen      total 35328K, used 2537K [0x00000000eb100000, 0x00000000ed600000, 0x0000000100000000)
  eden space 32768K, 0% used [0x00000000eb100000,0x00000000eb100000,0x00000000ed100000)
  from space 2560K, 99% used [0x00000000ed100000,0x00000000ed37a7b0,0x00000000ed380000)
  to   space 2560K, 0% used [0x00000000ed380000,0x00000000ed380000,0x00000000ed600000)
 ParOldGen       total 44032K, used 12586K [0x00000000c1200000, 0x00000000c3d00000, 0x00000000eb100000)
  object space 44032K, 28% used [0x00000000c1200000,0x00000000c1e4aa98,0x00000000c3d00000)
 Metaspace       used 16601K, capacity 17058K, committed 17152K, reserved 1069056K
  class space    used 2109K, capacity 2227K, committed 2304K, reserved 1048576K
}
Event: 2.753 GC heap before
{Heap before GC invocations=8 (full 1):
 PSYoungGen      total 35328K, used 2537K [0x00000000eb100000, 0x00000000ed600000, 0x0000000100000000)
  eden space 32768K, 0% used [0x00000000eb100000,0x00000000eb100000,0x00000000ed100000)
  from space 2560K, 99% used [0x00000000ed100000,0x00000000ed37a7b0,0x00000000ed380000)
  to   space 2560K, 0% used [0x00000000ed380000,0x00000000ed380000,0x00000000ed600000)
 ParOldGen       total 44032K, used 12586K [0x00000000c1200000, 0x00000000c3d00000, 0x00000000eb100000)
  object space 44032K, 28% used [0x00000000c1200000,0x00000000c1e4aa98,0x00000000c3d00000)
 Metaspace       used 16601K, capacity 17058K, committed 17152K, reserved 1069056K
  class space    used 2109K, capacity 2227K, committed 2304K, reserved 1048576K
Event: 2.801 GC heap after
Heap after GC invocations=8 (full 1):
 PSYoungGen      total 35328K, used 0K [0x00000000eb100000, 0x00000000ed600000, 0x0000000100000000)
  eden space 32768K, 0% used [0x00000000eb100000,0x00000000eb100000,0x00000000ed100000)
  from space 2560K, 0% used [0x00000000ed100000,0x00000000ed100000,0x00000000ed380000)
  to   space 2560K, 0% used [0x00000000ed380000,0x00000000ed380000,0x00000000ed600000)
 ParOldGen       total 32768K, used 7558K [0x00000000c1200000, 0x00000000c3200000, 0x00000000eb100000)
  object space 32768K, 23% used [0x00000000c1200000,0x00000000c19618a0,0x00000000c3200000)
 Metaspace       used 16599K, capacity 17052K, committed 17152K, reserved 1067008K
  class space    used 2109K, capacity 2226K, committed 2304K, reserved 1048576K
}

Deoptimization events (10 events):
Event: 1.937 Thread 0x0000000018d7f000 Uncommon trap: reason=unstable_if action=reinterpret pc=0x00000000036c7314 method=java.lang.ThreadLocal$ThreadLocalMap.getEntry(Ljava/lang/ThreadLocal;)Ljava/lang/ThreadLocal$ThreadLocalMap$Entry; @ 21
Event: 2.365 Thread 0x0000000018559000 Uncommon trap: reason=unstable_if action=reinterpret pc=0x0000000003669294 method=java.io.WinNTFileSystem.isLetter(C)Z @ 15
Event: 2.462 Thread 0x0000000018559000 Uncommon trap: reason=unstable_if action=reinterpret pc=0x00000000036c9df8 method=java.lang.ThreadLocal$ThreadLocalMap.getEntry(Ljava/lang/ThreadLocal;)Ljava/lang/ThreadLocal$ThreadLocalMap$Entry; @ 21
Event: 2.470 Thread 0x0000000018d7f000 Uncommon trap: reason=class_check action=maybe_recompile pc=0x00000000036bd098 method=java.util.HashMap.putVal(ILjava/lang/Object;Ljava/lang/Object;ZZ)Ljava/lang/Object; @ 203
Event: 2.477 Thread 0x0000000018d7f000 Uncommon trap: reason=class_check action=maybe_recompile pc=0x00000000036bd098 method=java.util.HashMap.putVal(ILjava/lang/Object;Ljava/lang/Object;ZZ)Ljava/lang/Object; @ 203
Event: 2.484 Thread 0x0000000018d7f000 Uncommon trap: reason=class_check action=maybe_recompile pc=0x00000000036bd098 method=java.util.HashMap.putVal(ILjava/lang/Object;Ljava/lang/Object;ZZ)Ljava/lang/Object; @ 203
Event: 2.584 Thread 0x0000000018559000 Uncommon trap: reason=unstable_if action=reinterpret pc=0x00000000036ffe50 method=java.util.HashMap.getNode(ILjava/lang/Object;)Ljava/util/HashMap$Node; @ 129
Event: 2.584 Thread 0x0000000018559000 Uncommon trap: reason=class_check action=maybe_recompile pc=0x00000000036bd098 method=java.util.HashMap.putVal(ILjava/lang/Object;Ljava/lang/Object;ZZ)Ljava/lang/Object; @ 203
Event: 2.985 Thread 0x0000000018559000 Uncommon trap: reason=bimorphic action=maybe_recompile pc=0x000000000387eef4 method=java.util.HashMap.putVal(ILjava/lang/Object;Ljava/lang/Object;ZZ)Ljava/lang/Object; @ 253
Event: 3.106 Thread 0x0000000018d7f000 Uncommon trap: reason=unstable_if action=reinterpret pc=0x00000000038b1424 method=jdk.internal.org.objectweb.asm.Type.getArgumentsAndReturnSizes(Ljava/lang/String;)I @ 47

Internal exceptions (10 events):
Event: 1.434 Thread 0x0000000018d7f000 Implicit null exception at 0x00000000037158ba to 0x0000000003717efd
Event: 1.442 Thread 0x0000000018559000 Exception <a 'java/io/FileNotFoundException'> (0x00000000ebe9cf70) thrown at [D:\re\workspace\8-2-build-windows-amd64-cygwin\jdk8u40\2855\hotspot\src\share\vm\prims\jni.cpp, line 709]
Event: 1.442 Thread 0x0000000018d7f000 Exception <a 'java/lang/ArrayIndexOutOfBoundsException': 182> (0x00000000ebee5300) thrown at [D:\re\workspace\8-2-build-windows-amd64-cygwin\jdk8u40\2855\hotspot\src\share\vm\interpreter\interpreterRuntime.cpp, line 366]
Event: 1.443 Thread 0x0000000018d7f000 Exception <a 'java/lang/ArrayIndexOutOfBoundsException': 60> (0x00000000ebee63f0) thrown at [D:\re\workspace\8-2-build-windows-amd64-cygwin\jdk8u40\2855\hotspot\src\share\vm\interpreter\interpreterRuntime.cpp, line 366]
Event: 1.684 Thread 0x0000000018d7f000 Implicit null exception at 0x00000000036ca0d8 to 0x00000000036ca166
Event: 1.844 Thread 0x0000000018559000 Exception <a 'java/lang/NoSuchMethodError': java.lang.Object.lambda$chars$1()Ljava/util/Spliterator$OfInt;> (0x00000000eb44b310) thrown at [D:\re\workspace\8-2-build-windows-amd64-cygwin\jdk8u40\2855\hotspot\src\share\vm\interpreter\linkResolver.cpp, line Ÿd6+ÿþ?
Event: 1.937 Thread 0x0000000018d7f000 Implicit null exception at 0x00000000036c7274 to 0x00000000036c72f5
Event: 2.462 Thread 0x0000000018559000 Implicit null exception at 0x00000000036c9d70 to 0x00000000036c9ddd
Event: 2.899 Thread 0x0000000018559000 Exception <a 'java/lang/NoClassDefFoundError': org/springframework/jdbc/CannotGetJdbcConnectionException> (0x00000000eb9cd3a0) thrown at [D:\re\workspace\8-2-build-windows-amd64-cygwin\jdk8u40\2855\hotspot\src\share\vm\classfile\systemDictionary.cpp, line âÄhþT@
Event: 3.006 Thread 0x0000000018559000 Exception <a 'java/lang/NoSuchMethodError': org.slf4j.impl.StaticMDCBinder.getSingleton()Lorg/slf4j/impl/StaticMDCBinder;> (0x00000000ec2b6458) thrown at [D:\re\workspace\8-2-build-windows-amd64-cygwin\jdk8u40\2855\hotspot\src\share\vm\interpreter\linkResoæýLã­òö?

Events (10 events):
Event: 3.106 Thread 0x0000000018d7f000 DEOPT UNPACKING pc=0x000000000343582a sp=0x000000001946cdd8 mode 2
Event: 3.108 loading class java/util/function/ToLongFunction
Event: 3.108 loading class java/util/function/ToLongFunction done
Event: 3.110 loading class org/springframework/beans/PropertyAccessorUtils
Event: 3.110 loading class org/springframework/beans/PropertyAccessorUtils done
Event: 3.112 loading class org/springframework/beans/CachedIntrospectionResults
Event: 3.112 loading class org/springframework/beans/CachedIntrospectionResults done
Event: 3.113 loading class java/beans/IntrospectionException
Event: 3.114 loading class java/beans/IntrospectionException done
Event: 3.114 loading class java/beans/PropertyDescriptor


Dynamic libraries:
0x00007ff7f5500000 - 0x00007ff7f5537000 	C:\Program Files\Java\jdk1.8.0_40\bin\javaw.exe
0x00007ffd8cd40000 - 0x00007ffd8cf21000 	C:\WINDOWS\SYSTEM32\ntdll.dll
0x00007ffd8a340000 - 0x00007ffd8a3f1000 	C:\WINDOWS\System32\KERNEL32.DLL
0x00007ffd89170000 - 0x00007ffd893e3000 	C:\WINDOWS\System32\KERNELBASE.dll
0x00007ffd8a290000 - 0x00007ffd8a331000 	C:\WINDOWS\System32\ADVAPI32.dll
0x00007ffd8bfd0000 - 0x00007ffd8c06e000 	C:\WINDOWS\System32\msvcrt.dll
0x00007ffd8a1d0000 - 0x00007ffd8a22b000 	C:\WINDOWS\System32\sechost.dll
0x00007ffd8c210000 - 0x00007ffd8c334000 	C:\WINDOWS\System32\RPCRT4.dll
0x00007ffd8c600000 - 0x00007ffd8c790000 	C:\WINDOWS\System32\USER32.dll
0x00007ffd8a0e0000 - 0x00007ffd8a100000 	C:\WINDOWS\System32\win32u.dll
0x00007ffd8c5d0000 - 0x00007ffd8c5f8000 	C:\WINDOWS\System32\GDI32.dll
0x00007ffd89730000 - 0x00007ffd898c2000 	C:\WINDOWS\System32\gdi32full.dll
0x00007ffd894a0000 - 0x00007ffd8953f000 	C:\WINDOWS\System32\msvcp_win.dll
0x00007ffd89fe0000 - 0x00007ffd8a0d8000 	C:\WINDOWS\System32\ucrtbase.dll
0x00007ffd80880000 - 0x00007ffd80ae9000 	C:\WINDOWS\WinSxS\amd64_microsoft.windows.common-controls_6595b64144ccf1df_6.0.17134.706_none_fb43a2cb30647007\COMCTL32.dll
0x00007ffd8c840000 - 0x00007ffd8cb62000 	C:\WINDOWS\System32\combase.dll
0x00007ffd8a100000 - 0x00007ffd8a17a000 	C:\WINDOWS\System32\bcryptPrimitives.dll
0x00007ffd8c350000 - 0x00007ffd8c37d000 	C:\WINDOWS\System32\IMM32.DLL
0x0000000055f00000 - 0x0000000055fd2000 	C:\Program Files\Java\jdk1.8.0_40\jre\bin\msvcr100.dll
0x00000000561d0000 - 0x0000000056a53000 	C:\Program Files\Java\jdk1.8.0_40\jre\bin\server\jvm.dll
0x00007ffd8bef0000 - 0x00007ffd8bef8000 	C:\WINDOWS\System32\PSAPI.DLL
0x00007ffd87c90000 - 0x00007ffd87c99000 	C:\WINDOWS\SYSTEM32\WSOCK32.dll
0x00007ffd7e6c0000 - 0x00007ffd7e6e3000 	C:\WINDOWS\SYSTEM32\WINMM.dll
0x00007ffd81a20000 - 0x00007ffd81a2a000 	C:\WINDOWS\SYSTEM32\VERSION.dll
0x00007ffd8bf00000 - 0x00007ffd8bf6c000 	C:\WINDOWS\System32\WS2_32.dll
0x00007ffd7e4b0000 - 0x00007ffd7e4da000 	C:\WINDOWS\SYSTEM32\WINMMBASE.dll
0x00007ffd8a180000 - 0x00007ffd8a1c9000 	C:\WINDOWS\System32\cfgmgr32.dll
0x00000000560e0000 - 0x00000000560ef000 	C:\Program Files\Java\jdk1.8.0_40\jre\bin\verify.dll
0x00000000560b0000 - 0x00000000560d9000 	C:\Program Files\Java\jdk1.8.0_40\jre\bin\java.dll
0x0000000056060000 - 0x0000000056076000 	C:\Program Files\Java\jdk1.8.0_40\jre\bin\zip.dll
0x00007ffd8a850000 - 0x00007ffd8bc90000 	C:\WINDOWS\System32\SHELL32.dll
0x00007ffd8c790000 - 0x00007ffd8c839000 	C:\WINDOWS\System32\shcore.dll
0x00007ffd898d0000 - 0x00007ffd89fdd000 	C:\WINDOWS\System32\windows.storage.dll
0x00007ffd8bf70000 - 0x00007ffd8bfc1000 	C:\WINDOWS\System32\shlwapi.dll
0x00007ffd89070000 - 0x00007ffd89081000 	C:\WINDOWS\System32\kernel.appcore.dll
0x00007ffd890f0000 - 0x00007ffd8910f000 	C:\WINDOWS\System32\profapi.dll
0x00007ffd890a0000 - 0x00007ffd890ec000 	C:\WINDOWS\System32\powrprof.dll
0x00007ffd89090000 - 0x00007ffd8909a000 	C:\WINDOWS\System32\FLTLIB.DLL
0x0000000056040000 - 0x000000005605a000 	C:\Program Files\Java\jdk1.8.0_40\jre\bin\net.dll
0x00007ffd88870000 - 0x00007ffd888d6000 	C:\WINDOWS\system32\mswsock.dll
0x00007ffd885f0000 - 0x00007ffd88628000 	C:\WINDOWS\SYSTEM32\IPHLPAPI.DLL
0x00007ffd8c340000 - 0x00007ffd8c348000 	C:\WINDOWS\System32\NSI.dll
0x00007ffd82c40000 - 0x00007ffd82c56000 	C:\WINDOWS\SYSTEM32\dhcpcsvc6.DLL
0x00007ffd823c0000 - 0x00007ffd823da000 	C:\WINDOWS\SYSTEM32\dhcpcsvc.DLL
0x00007ffd88630000 - 0x00007ffd886ee000 	C:\WINDOWS\SYSTEM32\DNSAPI.dll
0x00007ffd80090000 - 0x00007ffd8009a000 	C:\Windows\System32\rasadhlp.dll
0x00007ffd80800000 - 0x00007ffd80872000 	C:\WINDOWS\System32\fwpuclnt.dll
0x00007ffd88bb0000 - 0x00007ffd88bd5000 	C:\WINDOWS\SYSTEM32\bcrypt.dll
0x0000000055fe0000 - 0x0000000055fed000 	C:\Program Files\Java\jdk1.8.0_40\jre\bin\management.dll
0x00007ffd84320000 - 0x00007ffd84336000 	C:\WINDOWS\system32\napinsp.dll
0x00007ffd84300000 - 0x00007ffd8431a000 	C:\WINDOWS\system32\pnrpnsp.dll
0x00007ffd83d70000 - 0x00007ffd83d89000 	C:\WINDOWS\system32\NLAapi.dll
0x00007ffd84fe0000 - 0x00007ffd84fee000 	C:\WINDOWS\System32\winrnr.dll

VM Arguments:
jvm_args: -Dfile.encoding=UTF-8 
java_command: com.srikanth.microservices.netflixzuulapigatewayserver.NetflixZuulApiGatewayServerApplication
java_class_path (initial): C:\Program Files\Java\jdk1.8.0_40\jre\lib\resources.jar;C:\Program Files\Java\jdk1.8.0_40\jre\lib\rt.jar;C:\Program Files\Java\jdk1.8.0_40\jre\lib\jsse.jar;C:\Program Files\Java\jdk1.8.0_40\jre\lib\jce.jar;C:\Program Files\Java\jdk1.8.0_40\jre\lib\charsets.jar;C:\Program Files\Java\jdk1.8.0_40\jre\lib\jfr.jar;C:\Program Files\Java\jdk1.8.0_40\jre\lib\ext\access-bridge-64.jar;C:\Program Files\Java\jdk1.8.0_40\jre\lib\ext\cldrdata.jar;C:\Program Files\Java\jdk1.8.0_40\jre\lib\ext\dnsns.jar;C:\Program Files\Java\jdk1.8.0_40\jre\lib\ext\jaccess.jar;C:\Program Files\Java\jdk1.8.0_40\jre\lib\ext\jfxrt.jar;C:\Program Files\Java\jdk1.8.0_40\jre\lib\ext\localedata.jar;C:\Program Files\Java\jdk1.8.0_40\jre\lib\ext\nashorn.jar;C:\Program Files\Java\jdk1.8.0_40\jre\lib\ext\sunec.jar;C:\Program Files\Java\jdk1.8.0_40\jre\lib\ext\sunjce_provider.jar;C:\Program Files\Java\jdk1.8.0_40\jre\lib\ext\sunmscapi.jar;C:\Program Files\Java\jdk1.8.0_40\jre\lib\ext\sunpkcs11.jar;C:\Program Files\Java\jdk1.8.0_40\jre\lib\ext\zipfs.jar;H:\Prep\netflix-zuul-api-gateway-server\target\classes;C:\Users\welcome\.m2\repository\org\springframework\boot\spring-boot-starter-actuator\2.1.4.RELEASE\spring-boot-starter-actuator-2.1.4.RELEASE.jar;C:\Users\welcome\.m2\repository\org\springframework\boot\spring-boot-starter\2.1.4.RELEASE\spring-boot-starter-2.1.4.RELEASE.jar;C:\Users\welcome\.m2\repository\org\springframework\boot\spring-boot-starter-logging\2.1.4.RELEASE\spring-boot-starter-logging-2.1.4.RELEASE.jar;C:\Users\welcome\.m2\repository\ch\qos\logback\logback-classic\1.2.3\logback-classic-1.2.3.jar;C:\Users\welcome\.m2\repository\ch\qos\logback\logback-core\1.2.3\logback-core-1.2.3.jar;C:\Users\welcome\.m2\repository\org\apache\logging\log4j\log4j-to-slf4j\2.11.2\log4j-to-slf4j-2.11.2.jar;C:\Users\welcome\.m2\repository\org\apache\logging\log4j\log4j-api\2.11.2\log4j-api-2.11.2.jar;C:\Users\welcome\.m2\repository\org\slf4j\jul-to-slf4j\1.7.26\jul-to-slf4j-1.7.26.jar;C
Launcher Type: SUN_STANDARD

Environment Variables:
JAVA_HOME=C:\Program Files\Java\jdk1.8.0_40
JRE_HOME=C:\Program Files\Java\jre1.8.0_40
PATH=C:/Program Files/Java/jdk1.8.0_40/bin/../jre/bin/server;C:/Program Files/Java/jdk1.8.0_40/bin/../jre/bin;C:/Program Files/Java/jdk1.8.0_40/bin/../jre/lib/amd64;C:\Program Files\apache-maven-3.5.0\bin;C:\Program Files (x86)\Skype\Phone\;C:\Program Files\Java\jdk1.8.0_40\bin;C:\Program Files\Java\jre1.8.0_40\bin;C:\Program Files\Git\cmd;C:\Program Files (x86)\Brackets\command;C:\WINDOWS\system32;C:\WINDOWS;C:\WINDOWS\System32\Wbem;C:\WINDOWS\System32\WindowsPowerShell\v1.0\;C:\Program Files\nodejs\;;C:\WINDOWS\System32\OpenSSH\;C:\Program Files\Microsoft SQL Server\Client SDK\ODBC\130\Tools\Binn\;C:\Program Files (x86)\Microsoft SQL Server\140\Tools\Binn\;C:\Program Files\Microsoft SQL Server\140\Tools\Binn\;C:\Program Files\Microsoft SQL Server\140\DTS\Binn\;C:\Program Files (x86)\Microsoft SQL Server\Client SDK\ODBC\130\Tools\Binn\;C:\Program Files (x86)\Microsoft SQL Server\140\DTS\Binn\;C:\Program Files (x86)\Microsoft SQL Server\140\Tools\Binn\ManagementStudio\;C:\Program Files\Java\jdk1.8.0_40;C:\Users\welcome\AppData\Local\Microsoft\WindowsApps;C:\Users\welcome\AppData\Roaming\npm;;H:\eclipse;
USERNAME=SreekanthReddy
OS=Windows_NT
PROCESSOR_IDENTIFIER=Intel64 Family 6 Model 61 Stepping 4, GenuineIntel



---------------  S Y S T E M  ---------------

OS: Windows 10.0 , 64 bit Build 17134 (10.0.17134.706)

CPU:total 4 (2 cores per cpu, 2 threads per core) family 6 model 61 stepping 4, cmov, cx8, fxsr, mmx, sse, sse2, sse3, ssse3, sse4.1, sse4.2, popcnt, clmul, erms, 3dnowpref, lzcnt, ht, tsc, tscinvbit

Memory: 4k page, physical 4113068k(370312k free), swap 6161068k(4224k free)

vm_info: Java HotSpot(TM) 64-Bit Server VM (25.40-b25) for windows-amd64 JRE (1.8.0_40-b25), built on Feb 10 2015 21:53:57 by "java_re" with MS VC++ 10.0 (VS2010)

time: Sun Apr 14 21:52:57 2019
elapsed time: 3 seconds (0d 0h 0m 3s)

